{"meta": {"format": 3, "version": "7.13.5", "timestamp": "2026-04-14T22:54:15.578147", "branch_coverage": true, "show_contexts": false}, "files": {"src/litefs/__init__.py": {"executed_lines": [4, 12, 25, 36, 37, 38, 39, 40, 41, 42, 44, 45, 46, 47, 68], "summary": {"covered_lines": 15, "num_statements": 15, "percent_covered": 100.0, "percent_covered_display": "100", "missing_lines": 0, "excluded_lines": 0, "percent_statements_covered": 100.0, "percent_statements_covered_display": "100", "num_branches": 0, "num_partial_branches": 0, "covered_branches": 0, "missing_branches": 0, "percent_branches_covered": 100.0, "percent_branches_covered_display": "100"}, "missing_lines": [], "excluded_lines": [], "executed_branches": [], "missing_branches": [], "functions": {"": {"executed_lines": [4, 12, 25, 36, 37, 38, 39, 40, 41, 42, 44, 45, 46, 47, 68], "summary": {"covered_lines": 15, "num_statements": 15, "percent_covered": 100.0, "percent_covered_display": "100", "missing_lines": 0, "excluded_lines": 0, "percent_statements_covered": 100.0, "percent_statements_covered_display": "100", "num_branches": 0, "num_partial_branches": 0, "covered_branches": 0, "missing_branches": 0, "percent_branches_covered": 100.0, "percent_branches_covered_display": "100"}, "missing_lines": [], "excluded_lines": [], "start_line": 1, "executed_branches": [], "missing_branches": []}}, "classes": {"": {"executed_lines": [4, 12, 25, 36, 37, 38, 39, 40, 41, 42, 44, 45, 46, 47, 68], "summary": {"covered_lines": 15, "num_statements": 15, "percent_covered": 100.0, "percent_covered_display": "100", "missing_lines": 0, "excluded_lines": 0, "percent_statements_covered": 100.0, "percent_statements_covered_display": "100", "num_branches": 0, "num_partial_branches": 0, "covered_branches": 0, "missing_branches": 0, "percent_branches_covered": 100.0, "percent_branches_covered_display": "100"}, "missing_lines": [], "excluded_lines": [], "start_line": 1, "executed_branches": [], "missing_branches": []}}}, "src/litefs/__main__.py": {"executed_lines": [], "summary": {"covered_lines": 0, "num_statements": 1, "percent_covered": 0.0, "percent_covered_display": "0", "missing_lines": 1, "excluded_lines": 2, "percent_statements_covered": 0.0, "percent_statements_covered_display": "0", "num_branches": 0, "num_partial_branches": 0, "covered_branches": 0, "missing_branches": 0, "percent_branches_covered": 100.0, "percent_branches_covered_display": "100"}, "missing_lines": [4], "excluded_lines": [6, 7], "executed_branches": [], "missing_branches": [], "functions": {"": {"executed_lines": [], "summary": {"covered_lines": 0, "num_statements": 1, "percent_covered": 0.0, "percent_covered_display": "0", "missing_lines": 1, "excluded_lines": 2, "percent_statements_covered": 0.0, "percent_statements_covered_display": "0", "num_branches": 0, "num_partial_branches": 0, "covered_branches": 0, "missing_branches": 0, "percent_branches_covered": 100.0, "percent_branches_covered_display": "100"}, "missing_lines": [4], "excluded_lines": [6, 7], "start_line": 1, "executed_branches": [], "missing_branches": []}}, "classes": {"": {"executed_lines": [], "summary": {"covered_lines": 0, "num_statements": 1, "percent_covered": 0.0, "percent_covered_display": "0", "missing_lines": 1, "excluded_lines": 2, "percent_statements_covered": 0.0, "percent_statements_covered_display": "0", "num_branches": 0, "num_partial_branches": 0, "covered_branches": 0, "missing_branches": 0, "percent_branches_covered": 100.0, "percent_branches_covered_display": "100"}, "missing_lines": [4], "excluded_lines": [6, 7], "start_line": 1, "executed_branches": [], "missing_branches": []}}}, "src/litefs/_version.py": {"executed_lines": [10, 11, 12, 13, 14, 17, 22, 27, 32, 37, 42, 47, 52], "summary": {"covered_lines": 13, "num_statements": 20, "percent_covered": 65.0, "percent_covered_display": "65", "missing_lines": 7, "excluded_lines": 0, "percent_statements_covered": 65.0, "percent_statements_covered_display": "65", "num_branches": 0, "num_partial_branches": 0, "covered_branches": 0, "missing_branches": 0, "percent_branches_covered": 100.0, "percent_branches_covered_display": "100"}, "missing_lines": [19, 24, 29, 34, 39, 44, 49], "excluded_lines": [], "executed_branches": [], "missing_branches": [], "functions": {"get_version": {"executed_lines": [], "summary": {"covered_lines": 0, "num_statements": 1, "percent_covered": 0.0, "percent_covered_display": "0", "missing_lines": 1, "excluded_lines": 0, "percent_statements_covered": 0.0, "percent_statements_covered_display": "0", "num_branches": 0, "num_partial_branches": 0, "covered_branches": 0, "missing_branches": 0, "percent_branches_covered": 100.0, "percent_branches_covered_display": "100"}, "missing_lines": [19], "excluded_lines": [], "start_line": 17, "executed_branches": [], "missing_branches": []}, "get_version_info": {"executed_lines": [], "summary": {"covered_lines": 0, "num_statements": 1, "percent_covered": 0.0, "percent_covered_display": "0", "missing_lines": 1, "excluded_lines": 0, "percent_statements_covered": 0.0, "percent_statements_covered_display": "0", "num_branches": 0, "num_partial_branches": 0, "covered_branches": 0, "missing_branches": 0, "percent_branches_covered": 100.0, "percent_branches_covered_display": "100"}, "missing_lines": [24], "excluded_lines": [], "start_line": 22, "executed_branches": [], "missing_branches": []}, "get_version_tuple": {"executed_lines": [], "summary": {"covered_lines": 0, "num_statements": 1, "percent_covered": 0.0, "percent_covered_display": "0", "missing_lines": 1, "excluded_lines": 0, "percent_statements_covered": 0.0, "percent_statements_covered_display": "0", "num_branches": 0, "num_partial_branches": 0, "covered_branches": 0, "missing_branches": 0, "percent_branches_covered": 100.0, "percent_branches_covered_display": "100"}, "missing_lines": [29], "excluded_lines": [], "start_line": 27, "executed_branches": [], "missing_branches": []}, "get_major_version": {"executed_lines": [], "summary": {"covered_lines": 0, "num_statements": 1, "percent_covered": 0.0, "percent_covered_display": "0", "missing_lines": 1, "excluded_lines": 0, "percent_statements_covered": 0.0, "percent_statements_covered_display": "0", "num_branches": 0, "num_partial_branches": 0, "covered_branches": 0, "missing_branches": 0, "percent_branches_covered": 100.0, "percent_branches_covered_display": "100"}, "missing_lines": [34], "excluded_lines": [], "start_line": 32, "executed_branches": [], "missing_branches": []}, "get_minor_version": {"executed_lines": [], "summary": {"covered_lines": 0, "num_statements": 1, "percent_covered": 0.0, "percent_covered_display": "0", "missing_lines": 1, "excluded_lines": 0, "percent_statements_covered": 0.0, "percent_statements_covered_display": "0", "num_branches": 0, "num_partial_branches": 0, "covered_branches": 0, "missing_branches": 0, "percent_branches_covered": 100.0, "percent_branches_covered_display": "100"}, "missing_lines": [39], "excluded_lines": [], "start_line": 37, "executed_branches": [], "missing_branches": []}, "get_micro_version": {"executed_lines": [], "summary": {"covered_lines": 0, "num_statements": 1, "percent_covered": 0.0, "percent_covered_display": "0", "missing_lines": 1, "excluded_lines": 0, "percent_statements_covered": 0.0, "percent_statements_covered_display": "0", "num_branches": 0, "num_partial_branches": 0, "covered_branches": 0, "missing_branches": 0, "percent_branches_covered": 100.0, "percent_branches_covered_display": "100"}, "missing_lines": [44], "excluded_lines": [], "start_line": 42, "executed_branches": [], "missing_branches": []}, "format_version": {"executed_lines": [], "summary": {"covered_lines": 0, "num_statements": 1, "percent_covered": 0.0, "percent_covered_display": "0", "missing_lines": 1, "excluded_lines": 0, "percent_statements_covered": 0.0, "percent_statements_covered_display": "0", "num_branches": 0, "num_partial_branches": 0, "covered_branches": 0, "missing_branches": 0, "percent_branches_covered": 100.0, "percent_branches_covered_display": "100"}, "missing_lines": [49], "excluded_lines": [], "start_line": 47, "executed_branches": [], "missing_branches": []}, "": {"executed_lines": [10, 11, 12, 13, 14, 17, 22, 27, 32, 37, 42, 47, 52], "summary": {"covered_lines": 13, "num_statements": 13, "percent_covered": 100.0, "percent_covered_display": "100", "missing_lines": 0, "excluded_lines": 0, "percent_statements_covered": 100.0, "percent_statements_covered_display": "100", "num_branches": 0, "num_partial_branches": 0, "covered_branches": 0, "missing_branches": 0, "percent_branches_covered": 100.0, "percent_branches_covered_display": "100"}, "missing_lines": [], "excluded_lines": [], "start_line": 1, "executed_branches": [], "missing_branches": []}}, "classes": {"": {"executed_lines": [10, 11, 12, 13, 14, 17, 22, 27, 32, 37, 42, 47, 52], "summary": {"covered_lines": 13, "num_statements": 20, "percent_covered": 65.0, "percent_covered_display": "65", "missing_lines": 7, "excluded_lines": 0, "percent_statements_covered": 65.0, "percent_statements_covered_display": "65", "num_branches": 0, "num_partial_branches": 0, "covered_branches": 0, "missing_branches": 0, "percent_branches_covered": 100.0, "percent_branches_covered_display": "100"}, "missing_lines": [19, 24, 29, 34, 39, 44, 49], "excluded_lines": [], "start_line": 1, "executed_branches": [], "missing_branches": []}}}, "src/litefs/cache/__init__.py": {"executed_lines": [1, 2, 3, 4, 5, 6, 7, 9], "summary": {"covered_lines": 8, "num_statements": 8, "percent_covered": 100.0, "percent_covered_display": "100", "missing_lines": 0, "excluded_lines": 0, "percent_statements_covered": 100.0, "percent_statements_covered_display": "100", "num_branches": 0, "num_partial_branches": 0, "covered_branches": 0, "missing_branches": 0, "percent_branches_covered": 100.0, "percent_branches_covered_display": "100"}, "missing_lines": [], "excluded_lines": [], "executed_branches": [], "missing_branches": [], "functions": {"": {"executed_lines": [1, 2, 3, 4, 5, 6, 7, 9], "summary": {"covered_lines": 8, "num_statements": 8, "percent_covered": 100.0, "percent_covered_display": "100", "missing_lines": 0, "excluded_lines": 0, "percent_statements_covered": 100.0, "percent_statements_covered_display": "100", "num_branches": 0, "num_partial_branches": 0, "covered_branches": 0, "missing_branches": 0, "percent_branches_covered": 100.0, "percent_branches_covered_display": "100"}, "missing_lines": [], "excluded_lines": [], "start_line": 1, "executed_branches": [], "missing_branches": []}}, "classes": {"": {"executed_lines": [1, 2, 3, 4, 5, 6, 7, 9], "summary": {"covered_lines": 8, "num_statements": 8, "percent_covered": 100.0, "percent_covered_display": "100", "missing_lines": 0, "excluded_lines": 0, "percent_statements_covered": 100.0, "percent_statements_covered_display": "100", "num_branches": 0, "num_partial_branches": 0, "covered_branches": 0, "missing_branches": 0, "percent_branches_covered": 100.0, "percent_branches_covered_display": "100"}, "missing_lines": [], "excluded_lines": [], "start_line": 1, "executed_branches": [], "missing_branches": []}}}, "src/litefs/cache/cache.py": {"executed_lines": [4, 5, 6, 7, 8, 9, 10, 11, 12, 13, 14, 15, 17, 19, 21, 24, 26, 33, 80, 94, 103, 130, 157, 173, 189, 206, 208, 228, 258, 260, 261, 262, 263, 264, 265, 266, 267, 275, 276, 278, 279, 282, 285, 286, 287, 294, 300, 302, 303, 306, 307, 309, 310, 311, 312, 313, 314, 315, 316, 318, 319, 322, 325, 331, 332, 338, 339, 340, 341, 343, 348, 351, 355, 361, 365, 366, 369, 372, 374, 375, 376, 378, 379, 381, 382, 384, 385, 386, 387, 388, 389, 391, 392, 393, 394, 395, 396, 398, 399, 400, 401], "summary": {"covered_lines": 101, "num_statements": 226, "percent_covered": 39.80891719745223, "percent_covered_display": "40", "missing_lines": 125, "excluded_lines": 0, "percent_statements_covered": 44.690265486725664, "percent_statements_covered_display": "45", "num_branches": 88, "num_partial_branches": 4, "covered_branches": 24, "missing_branches": 64, "percent_branches_covered": 27.272727272727273, "percent_branches_covered_display": "27"}, "missing_lines": [27, 28, 29, 30, 31, 45, 46, 48, 49, 51, 52, 54, 55, 57, 58, 60, 61, 63, 64, 66, 67, 69, 70, 73, 74, 76, 77, 78, 87, 88, 89, 90, 91, 92, 101, 112, 113, 115, 118, 121, 124, 125, 126, 127, 128, 131, 132, 137, 138, 141, 142, 145, 146, 148, 151, 152, 155, 158, 161, 162, 164, 167, 168, 171, 174, 177, 178, 180, 183, 184, 187, 190, 193, 194, 196, 199, 200, 203, 209, 210, 211, 212, 213, 214, 215, 216, 217, 218, 219, 220, 221, 222, 223, 224, 225, 226, 229, 230, 231, 232, 233, 234, 235, 236, 237, 238, 239, 240, 241, 242, 243, 244, 245, 246, 247, 248, 250, 251, 252, 253, 254, 255, 283, 323, 352], "excluded_lines": [], "executed_branches": [[282, 285], [286, 287], [286, 294], [306, 307], [306, 309], [310, 311], [310, 312], [313, 314], [313, 316], [322, 325], [338, -318], [338, 339], [340, 341], [351, 355], [365, 366], [365, 369], [385, 386], [385, 387], [387, 388], [387, 389], [393, 394], [393, 395], [399, 400], [399, 401]], "missing_branches": [[45, 46], [45, 48], [48, 49], [48, 51], [51, 52], [51, 54], [54, 55], [54, 57], [57, 58], [57, 60], [60, 61], [60, 63], [63, 64], [63, 66], [66, 67], [66, 69], [69, 70], [69, 73], [73, 74], [73, 76], [76, 77], [76, 78], [89, 90], [89, 92], [112, 113], [112, 115], [124, -103], [124, 125], [141, 142], [141, 145], [145, 146], [145, 148], [151, 152], [151, 155], [161, 162], [161, 164], [167, 168], [167, 171], [177, 178], [177, 180], [183, 184], [183, 187], [193, 194], [193, 196], [199, 200], [199, 203], [223, 224], [223, 225], [231, 232], [231, 233], [237, 238], [237, 243], [238, 239], [238, 240], [243, 244], [243, 250], [244, 245], [244, 246], [250, 251], [250, 252], [282, 283], [322, 323], [340, 338], [351, 352]], "functions": {"FileEventHandler.__init__": {"executed_lines": [], "summary": {"covered_lines": 0, "num_statements": 5, "percent_covered": 0.0, "percent_covered_display": "0", "missing_lines": 5, "excluded_lines": 0, "percent_statements_covered": 0.0, "percent_statements_covered_display": "0", "num_branches": 0, "num_partial_branches": 0, "covered_branches": 0, "missing_branches": 0, "percent_branches_covered": 100.0, "percent_branches_covered_display": "100"}, "missing_lines": [27, 28, 29, 30, 31], "excluded_lines": [], "start_line": 26, "executed_branches": [], "missing_branches": []}, "FileEventHandler._should_reload": {"executed_lines": [], "summary": {"covered_lines": 0, "num_statements": 23, "percent_covered": 0.0, "percent_covered_display": "0", "missing_lines": 23, "excluded_lines": 0, "percent_statements_covered": 0.0, "percent_statements_covered_display": "0", "num_branches": 22, "num_partial_branches": 0, "covered_branches": 0, "missing_branches": 22, "percent_branches_covered": 0.0, "percent_branches_covered_display": "0"}, "missing_lines": [45, 46, 48, 49, 51, 52, 54, 55, 57, 58, 60, 61, 63, 64, 66, 67, 69, 70, 73, 74, 76, 77, 78], "excluded_lines": [], "start_line": 33, "executed_branches": [], "missing_branches": [[45, 46], [45, 48], [48, 49], [48, 51], [51, 52], [51, 54], [54, 55], [54, 57], [57, 58], [57, 60], [60, 61], [60, 63], [63, 64], [63, 66], [66, 67], [66, 69], [69, 70], [69, 73], [73, 74], [73, 76], [76, 77], [76, 78]]}, "FileEventHandler._can_reload_now": {"executed_lines": [], "summary": {"covered_lines": 0, "num_statements": 6, "percent_covered": 0.0, "percent_covered_display": "0", "missing_lines": 6, "excluded_lines": 0, "percent_statements_covered": 0.0, "percent_statements_covered_display": "0", "num_branches": 2, "num_partial_branches": 0, "covered_branches": 0, "missing_branches": 2, "percent_branches_covered": 0.0, "percent_branches_covered_display": "0"}, "missing_lines": [87, 88, 89, 90, 91, 92], "excluded_lines": [], "start_line": 80, "executed_branches": [], "missing_branches": [[89, 90], [89, 92]]}, "FileEventHandler.add_monitored_file": {"executed_lines": [], "summary": {"covered_lines": 0, "num_statements": 1, "percent_covered": 0.0, "percent_covered_display": "0", "missing_lines": 1, "excluded_lines": 0, "percent_statements_covered": 0.0, "percent_statements_covered_display": "0", "num_branches": 0, "num_partial_branches": 0, "covered_branches": 0, "missing_branches": 0, "percent_branches_covered": 100.0, "percent_branches_covered_display": "100"}, "missing_lines": [101], "excluded_lines": [], "start_line": 94, "executed_branches": [], "missing_branches": []}, "FileEventHandler._reload_app": {"executed_lines": [], "summary": {"covered_lines": 0, "num_statements": 10, "percent_covered": 0.0, "percent_covered_display": "0", "missing_lines": 10, "excluded_lines": 0, "percent_statements_covered": 0.0, "percent_statements_covered_display": "0", "num_branches": 4, "num_partial_branches": 0, "covered_branches": 0, "missing_branches": 4, "percent_branches_covered": 0.0, "percent_branches_covered_display": "0"}, "missing_lines": [112, 113, 115, 118, 121, 124, 125, 126, 127, 128], "excluded_lines": [], "start_line": 103, "executed_branches": [], "missing_branches": [[112, 113], [112, 115], [124, -103], [124, 125]]}, "FileEventHandler.on_moved": {"executed_lines": [], "summary": {"covered_lines": 0, "num_statements": 12, "percent_covered": 0.0, "percent_covered_display": "0", "missing_lines": 12, "excluded_lines": 0, "percent_statements_covered": 0.0, "percent_statements_covered_display": "0", "num_branches": 6, "num_partial_branches": 0, "covered_branches": 0, "missing_branches": 6, "percent_branches_covered": 0.0, "percent_branches_covered_display": "0"}, "missing_lines": [131, 132, 137, 138, 141, 142, 145, 146, 148, 151, 152, 155], "excluded_lines": [], "start_line": 130, "executed_branches": [], "missing_branches": [[141, 142], [141, 145], [145, 146], [145, 148], [151, 152], [151, 155]]}, "FileEventHandler.on_created": {"executed_lines": [], "summary": {"covered_lines": 0, "num_statements": 7, "percent_covered": 0.0, "percent_covered_display": "0", "missing_lines": 7, "excluded_lines": 0, "percent_statements_covered": 0.0, "percent_statements_covered_display": "0", "num_branches": 4, "num_partial_branches": 0, "covered_branches": 0, "missing_branches": 4, "percent_branches_covered": 0.0, "percent_branches_covered_display": "0"}, "missing_lines": [158, 161, 162, 164, 167, 168, 171], "excluded_lines": [], "start_line": 157, "executed_branches": [], "missing_branches": [[161, 162], [161, 164], [167, 168], [167, 171]]}, "FileEventHandler.on_modified": {"executed_lines": [], "summary": {"covered_lines": 0, "num_statements": 7, "percent_covered": 0.0, "percent_covered_display": "0", "missing_lines": 7, "excluded_lines": 0, "percent_statements_covered": 0.0, "percent_statements_covered_display": "0", "num_branches": 4, "num_partial_branches": 0, "covered_branches": 0, "missing_branches": 4, "percent_branches_covered": 0.0, "percent_branches_covered_display": "0"}, "missing_lines": [174, 177, 178, 180, 183, 184, 187], "excluded_lines": [], "start_line": 173, "executed_branches": [], "missing_branches": [[177, 178], [177, 180], [183, 184], [183, 187]]}, "FileEventHandler.on_deleted": {"executed_lines": [], "summary": {"covered_lines": 0, "num_statements": 7, "percent_covered": 0.0, "percent_covered_display": "0", "missing_lines": 7, "excluded_lines": 0, "percent_statements_covered": 0.0, "percent_statements_covered_display": "0", "num_branches": 4, "num_partial_branches": 0, "covered_branches": 0, "missing_branches": 4, "percent_branches_covered": 0.0, "percent_branches_covered_display": "0"}, "missing_lines": [190, 193, 194, 196, 199, 200, 203], "excluded_lines": [], "start_line": 189, "executed_branches": [], "missing_branches": [[193, 194], [193, 196], [199, 200], [199, 203]]}, "LiteFile.__init__": {"executed_lines": [], "summary": {"covered_lines": 0, "num_statements": 18, "percent_covered": 0.0, "percent_covered_display": "0", "missing_lines": 18, "excluded_lines": 0, "percent_statements_covered": 0.0, "percent_statements_covered_display": "0", "num_branches": 2, "num_partial_branches": 0, "covered_branches": 0, "missing_branches": 2, "percent_branches_covered": 0.0, "percent_branches_covered_display": "0"}, "missing_lines": [209, 210, 211, 212, 213, 214, 215, 216, 217, 218, 219, 220, 221, 222, 223, 224, 225, 226], "excluded_lines": [], "start_line": 208, "executed_branches": [], "missing_branches": [[223, 224], [223, 225]]}, "LiteFile.handler": {"executed_lines": [], "summary": {"covered_lines": 0, "num_statements": 26, "percent_covered": 0.0, "percent_covered_display": "0", "missing_lines": 26, "excluded_lines": 0, "percent_statements_covered": 0.0, "percent_statements_covered_display": "0", "num_branches": 12, "num_partial_branches": 0, "covered_branches": 0, "missing_branches": 12, "percent_branches_covered": 0.0, "percent_branches_covered_display": "0"}, "missing_lines": [229, 230, 231, 232, 233, 234, 235, 236, 237, 238, 239, 240, 241, 242, 243, 244, 245, 246, 247, 248, 250, 251, 252, 253, 254, 255], "excluded_lines": [], "start_line": 228, "executed_branches": [], "missing_branches": [[231, 232], [231, 233], [237, 238], [237, 243], [238, 239], [238, 240], [243, 244], [243, 250], [244, 245], [244, 246], [250, 251], [250, 252]]}, "TreeCache.__init__": {"executed_lines": [261, 262, 263, 264, 265, 266, 267], "summary": {"covered_lines": 7, "num_statements": 7, "percent_covered": 100.0, "percent_covered_display": "100", "missing_lines": 0, "excluded_lines": 0, "percent_statements_covered": 100.0, "percent_statements_covered_display": "100", "num_branches": 0, "num_partial_branches": 0, "covered_branches": 0, "missing_branches": 0, "percent_branches_covered": 100.0, "percent_branches_covered_display": "100"}, "missing_lines": [], "excluded_lines": [], "start_line": 260, "executed_branches": [], "missing_branches": []}, "TreeCache.__len__": {"executed_lines": [276], "summary": {"covered_lines": 1, "num_statements": 1, "percent_covered": 100.0, "percent_covered_display": "100", "missing_lines": 0, "excluded_lines": 0, "percent_statements_covered": 100.0, "percent_statements_covered_display": "100", "num_branches": 0, "num_partial_branches": 0, "covered_branches": 0, "missing_branches": 0, "percent_branches_covered": 100.0, "percent_branches_covered_display": "100"}, "missing_lines": [], "excluded_lines": [], "start_line": 275, "executed_branches": [], "missing_branches": []}, "TreeCache.put": {"executed_lines": [279, 282, 285, 286, 287, 294, 300], "summary": {"covered_lines": 7, "num_statements": 8, "percent_covered": 83.33333333333333, "percent_covered_display": "83", "missing_lines": 1, "excluded_lines": 0, "percent_statements_covered": 87.5, "percent_statements_covered_display": "88", "num_branches": 4, "num_partial_branches": 1, "covered_branches": 3, "missing_branches": 1, "percent_branches_covered": 75.0, "percent_branches_covered_display": "75"}, "missing_lines": [283], "excluded_lines": [], "start_line": 278, "executed_branches": [[282, 285], [286, 287], [286, 294]], "missing_branches": [[282, 283]]}, "TreeCache.get": {"executed_lines": [303, 306, 307, 309, 310, 311, 312, 313, 314, 315, 316], "summary": {"covered_lines": 11, "num_statements": 11, "percent_covered": 100.0, "percent_covered_display": "100", "missing_lines": 0, "excluded_lines": 0, "percent_statements_covered": 100.0, "percent_statements_covered_display": "100", "num_branches": 6, "num_partial_branches": 0, "covered_branches": 6, "missing_branches": 0, "percent_branches_covered": 100.0, "percent_branches_covered_display": "100"}, "missing_lines": [], "excluded_lines": [], "start_line": 302, "executed_branches": [[306, 307], [306, 309], [310, 311], [310, 312], [313, 314], [313, 316]], "missing_branches": []}, "TreeCache.delete": {"executed_lines": [319, 322, 325, 331, 332, 338, 339, 340, 341], "summary": {"covered_lines": 9, "num_statements": 10, "percent_covered": 81.25, "percent_covered_display": "81", "missing_lines": 1, "excluded_lines": 0, "percent_statements_covered": 90.0, "percent_statements_covered_display": "90", "num_branches": 6, "num_partial_branches": 2, "covered_branches": 4, "missing_branches": 2, "percent_branches_covered": 66.66666666666667, "percent_branches_covered_display": "67"}, "missing_lines": [323], "excluded_lines": [], "start_line": 318, "executed_branches": [[322, 325], [338, -318], [338, 339], [340, 341]], "missing_branches": [[322, 323], [340, 338]]}, "TreeCache.auto_clean": {"executed_lines": [348, 351, 355, 361, 365, 366, 369], "summary": {"covered_lines": 7, "num_statements": 8, "percent_covered": 83.33333333333333, "percent_covered_display": "83", "missing_lines": 1, "excluded_lines": 0, "percent_statements_covered": 87.5, "percent_statements_covered_display": "88", "num_branches": 4, "num_partial_branches": 1, "covered_branches": 3, "missing_branches": 1, "percent_branches_covered": 75.0, "percent_branches_covered_display": "75"}, "missing_lines": [352], "excluded_lines": [], "start_line": 343, "executed_branches": [[351, 355], [365, 366], [365, 369]], "missing_branches": [[351, 352]]}, "MemoryCache.__init__": {"executed_lines": [375, 376], "summary": {"covered_lines": 2, "num_statements": 2, "percent_covered": 100.0, "percent_covered_display": "100", "missing_lines": 0, "excluded_lines": 0, "percent_statements_covered": 100.0, "percent_statements_covered_display": "100", "num_branches": 0, "num_partial_branches": 0, "covered_branches": 0, "missing_branches": 0, "percent_branches_covered": 100.0, "percent_branches_covered_display": "100"}, "missing_lines": [], "excluded_lines": [], "start_line": 374, "executed_branches": [], "missing_branches": []}, "MemoryCache.__str__": {"executed_lines": [379], "summary": {"covered_lines": 1, "num_statements": 1, "percent_covered": 100.0, "percent_covered_display": "100", "missing_lines": 0, "excluded_lines": 0, "percent_statements_covered": 100.0, "percent_statements_covered_display": "100", "num_branches": 0, "num_partial_branches": 0, "covered_branches": 0, "missing_branches": 0, "percent_branches_covered": 100.0, "percent_branches_covered_display": "100"}, "missing_lines": [], "excluded_lines": [], "start_line": 378, "executed_branches": [], "missing_branches": []}, "MemoryCache.__len__": {"executed_lines": [382], "summary": {"covered_lines": 1, "num_statements": 1, "percent_covered": 100.0, "percent_covered_display": "100", "missing_lines": 0, "excluded_lines": 0, "percent_statements_covered": 100.0, "percent_statements_covered_display": "100", "num_branches": 0, "num_partial_branches": 0, "covered_branches": 0, "missing_branches": 0, "percent_branches_covered": 100.0, "percent_branches_covered_display": "100"}, "missing_lines": [], "excluded_lines": [], "start_line": 381, "executed_branches": [], "missing_branches": []}, "MemoryCache.put": {"executed_lines": [385, 386, 387, 388, 389], "summary": {"covered_lines": 5, "num_statements": 5, "percent_covered": 100.0, "percent_covered_display": "100", "missing_lines": 0, "excluded_lines": 0, "percent_statements_covered": 100.0, "percent_statements_covered_display": "100", "num_branches": 4, "num_partial_branches": 0, "covered_branches": 4, "missing_branches": 0, "percent_branches_covered": 100.0, "percent_branches_covered_display": "100"}, "missing_lines": [], "excluded_lines": [], "start_line": 384, "executed_branches": [[385, 386], [385, 387], [387, 388], [387, 389]], "missing_branches": []}, "MemoryCache.get": {"executed_lines": [392, 393, 394, 395, 396], "summary": {"covered_lines": 5, "num_statements": 5, "percent_covered": 100.0, "percent_covered_display": "100", "missing_lines": 0, "excluded_lines": 0, "percent_statements_covered": 100.0, "percent_statements_covered_display": "100", "num_branches": 2, "num_partial_branches": 0, "covered_branches": 2, "missing_branches": 0, "percent_branches_covered": 100.0, "percent_branches_covered_display": "100"}, "missing_lines": [], "excluded_lines": [], "start_line": 391, "executed_branches": [[393, 394], [393, 395]], "missing_branches": []}, "MemoryCache.delete": {"executed_lines": [399, 400, 401], "summary": {"covered_lines": 3, "num_statements": 3, "percent_covered": 100.0, "percent_covered_display": "100", "missing_lines": 0, "excluded_lines": 0, "percent_statements_covered": 100.0, "percent_statements_covered_display": "100", "num_branches": 2, "num_partial_branches": 0, "covered_branches": 2, "missing_branches": 0, "percent_branches_covered": 100.0, "percent_branches_covered_display": "100"}, "missing_lines": [], "excluded_lines": [], "start_line": 398, "executed_branches": [[399, 400], [399, 401]], "missing_branches": []}, "": {"executed_lines": [4, 5, 6, 7, 8, 9, 10, 11, 12, 13, 14, 15, 17, 19, 21, 24, 26, 33, 80, 94, 103, 130, 157, 173, 189, 206, 208, 228, 258, 260, 275, 278, 302, 318, 343, 372, 374, 378, 381, 384, 391, 398], "summary": {"covered_lines": 42, "num_statements": 42, "percent_covered": 100.0, "percent_covered_display": "100", "missing_lines": 0, "excluded_lines": 0, "percent_statements_covered": 100.0, "percent_statements_covered_display": "100", "num_branches": 0, "num_partial_branches": 0, "covered_branches": 0, "missing_branches": 0, "percent_branches_covered": 100.0, "percent_branches_covered_display": "100"}, "missing_lines": [], "excluded_lines": [], "start_line": 1, "executed_branches": [], "missing_branches": []}}, "classes": {"FileEventHandler": {"executed_lines": [], "summary": {"covered_lines": 0, "num_statements": 78, "percent_covered": 0.0, "percent_covered_display": "0", "missing_lines": 78, "excluded_lines": 0, "percent_statements_covered": 0.0, "percent_statements_covered_display": "0", "num_branches": 46, "num_partial_branches": 0, "covered_branches": 0, "missing_branches": 46, "percent_branches_covered": 0.0, "percent_branches_covered_display": "0"}, "missing_lines": [27, 28, 29, 30, 31, 45, 46, 48, 49, 51, 52, 54, 55, 57, 58, 60, 61, 63, 64, 66, 67, 69, 70, 73, 74, 76, 77, 78, 87, 88, 89, 90, 91, 92, 101, 112, 113, 115, 118, 121, 124, 125, 126, 127, 128, 131, 132, 137, 138, 141, 142, 145, 146, 148, 151, 152, 155, 158, 161, 162, 164, 167, 168, 171, 174, 177, 178, 180, 183, 184, 187, 190, 193, 194, 196, 199, 200, 203], "excluded_lines": [], "start_line": 24, "executed_branches": [], "missing_branches": [[45, 46], [45, 48], [48, 49], [48, 51], [51, 52], [51, 54], [54, 55], [54, 57], [57, 58], [57, 60], [60, 61], [60, 63], [63, 64], [63, 66], [66, 67], [66, 69], [69, 70], [69, 73], [73, 74], [73, 76], [76, 77], [76, 78], [89, 90], [89, 92], [112, 113], [112, 115], [124, -103], [124, 125], [141, 142], [141, 145], [145, 146], [145, 148], [151, 152], [151, 155], [161, 162], [161, 164], [167, 168], [167, 171], [177, 178], [177, 180], [183, 184], [183, 187], [193, 194], [193, 196], [199, 200], [199, 203]]}, "LiteFile": {"executed_lines": [], "summary": {"covered_lines": 0, "num_statements": 44, "percent_covered": 0.0, "percent_covered_display": "0", "missing_lines": 44, "excluded_lines": 0, "percent_statements_covered": 0.0, "percent_statements_covered_display": "0", "num_branches": 14, "num_partial_branches": 0, "covered_branches": 0, "missing_branches": 14, "percent_branches_covered": 0.0, "percent_branches_covered_display": "0"}, "missing_lines": [209, 210, 211, 212, 213, 214, 215, 216, 217, 218, 219, 220, 221, 222, 223, 224, 225, 226, 229, 230, 231, 232, 233, 234, 235, 236, 237, 238, 239, 240, 241, 242, 243, 244, 245, 246, 247, 248, 250, 251, 252, 253, 254, 255], "excluded_lines": [], "start_line": 206, "executed_branches": [], "missing_branches": [[223, 224], [223, 225], [231, 232], [231, 233], [237, 238], [237, 243], [238, 239], [238, 240], [243, 244], [243, 250], [244, 245], [244, 246], [250, 251], [250, 252]]}, "TreeCache": {"executed_lines": [261, 262, 263, 264, 265, 266, 267, 276, 279, 282, 285, 286, 287, 294, 300, 303, 306, 307, 309, 310, 311, 312, 313, 314, 315, 316, 319, 322, 325, 331, 332, 338, 339, 340, 341, 348, 351, 355, 361, 365, 366, 369], "summary": {"covered_lines": 42, "num_statements": 45, "percent_covered": 89.23076923076923, "percent_covered_display": "89", "missing_lines": 3, "excluded_lines": 0, "percent_statements_covered": 93.33333333333333, "percent_statements_covered_display": "93", "num_branches": 20, "num_partial_branches": 4, "covered_branches": 16, "missing_branches": 4, "percent_branches_covered": 80.0, "percent_branches_covered_display": "80"}, "missing_lines": [283, 323, 352], "excluded_lines": [], "start_line": 258, "executed_branches": [[282, 285], [286, 287], [286, 294], [306, 307], [306, 309], [310, 311], [310, 312], [313, 314], [313, 316], [322, 325], [338, -318], [338, 339], [340, 341], [351, 355], [365, 366], [365, 369]], "missing_branches": [[282, 283], [322, 323], [340, 338], [351, 352]]}, "MemoryCache": {"executed_lines": [375, 376, 379, 382, 385, 386, 387, 388, 389, 392, 393, 394, 395, 396, 399, 400, 401], "summary": {"covered_lines": 17, "num_statements": 17, "percent_covered": 100.0, "percent_covered_display": "100", "missing_lines": 0, "excluded_lines": 0, "percent_statements_covered": 100.0, "percent_statements_covered_display": "100", "num_branches": 8, "num_partial_branches": 0, "covered_branches": 8, "missing_branches": 0, "percent_branches_covered": 100.0, "percent_branches_covered_display": "100"}, "missing_lines": [], "excluded_lines": [], "start_line": 372, "executed_branches": [[385, 386], [385, 387], [387, 388], [387, 389], [393, 394], [393, 395], [399, 400], [399, 401]], "missing_branches": []}, "": {"executed_lines": [4, 5, 6, 7, 8, 9, 10, 11, 12, 13, 14, 15, 17, 19, 21, 24, 26, 33, 80, 94, 103, 130, 157, 173, 189, 206, 208, 228, 258, 260, 275, 278, 302, 318, 343, 372, 374, 378, 381, 384, 391, 398], "summary": {"covered_lines": 42, "num_statements": 42, "percent_covered": 100.0, "percent_covered_display": "100", "missing_lines": 0, "excluded_lines": 0, "percent_statements_covered": 100.0, "percent_statements_covered_display": "100", "num_branches": 0, "num_partial_branches": 0, "covered_branches": 0, "missing_branches": 0, "percent_branches_covered": 100.0, "percent_branches_covered_display": "100"}, "missing_lines": [], "excluded_lines": [], "start_line": 1, "executed_branches": [], "missing_branches": []}}}, "src/litefs/cache/db.py": {"executed_lines": [10, 11, 12, 15, 22, 38, 39, 40, 41, 42, 44, 46, 48, 49, 51, 60, 65, 67, 69, 72, 73, 77, 79, 88, 90, 93, 94, 95, 97, 99, 107, 109, 119, 121, 124, 126, 130, 132, 133, 134, 136, 143, 146, 150, 152, 172, 182, 185, 187, 191, 193, 204, 207, 208, 210, 214, 215, 217, 227, 230, 232, 236, 238, 239, 240, 242, 245, 249, 252, 253, 255, 262, 265, 267, 270, 272, 282, 284, 287, 289, 290, 294, 296, 297, 298, 300, 302, 310, 312, 315, 316, 317, 319, 320, 321, 322, 324, 332, 334, 341, 344, 345, 349, 351, 355, 356, 357, 358, 360, 361, 363, 365, 367, 369, 372], "summary": {"covered_lines": 115, "num_statements": 134, "percent_covered": 78.73563218390805, "percent_covered_display": "79", "missing_lines": 19, "excluded_lines": 0, "percent_statements_covered": 85.82089552238806, "percent_statements_covered_display": "86", "num_branches": 40, "num_partial_branches": 16, "covered_branches": 22, "missing_branches": 18, "percent_branches_covered": 55.0, "percent_branches_covered_display": "55"}, "missing_lines": [70, 91, 122, 144, 162, 163, 165, 169, 170, 183, 205, 228, 241, 243, 250, 263, 285, 313, 342], "excluded_lines": [], "executed_branches": [[69, 72], [90, 93], [121, 124], [132, 133], [132, 134], [143, 146], [182, 185], [204, 207], [227, 230], [238, 239], [240, 242], [249, 252], [262, 265], [284, 287], [297, 298], [297, 300], [312, 315], [320, 321], [320, 324], [341, 344], [355, 356], [357, 358]], "missing_branches": [[69, 70], [90, 91], [121, 122], [143, 144], [162, 163], [162, 165], [182, 183], [204, 205], [227, 228], [238, 243], [240, 241], [249, 250], [262, 263], [284, 285], [312, 313], [341, 342], [355, 357], [357, 360]], "functions": {"DatabaseCache.__init__": {"executed_lines": [38, 39, 40, 41, 42, 44], "summary": {"covered_lines": 6, "num_statements": 6, "percent_covered": 100.0, "percent_covered_display": "100", "missing_lines": 0, "excluded_lines": 0, "percent_statements_covered": 100.0, "percent_statements_covered_display": "100", "num_branches": 0, "num_partial_branches": 0, "covered_branches": 0, "missing_branches": 0, "percent_branches_covered": 100.0, "percent_branches_covered_display": "100"}, "missing_lines": [], "excluded_lines": [], "start_line": 22, "executed_branches": [], "missing_branches": []}, "DatabaseCache._initialize_database": {"executed_lines": [48, 49, 51, 60, 65], "summary": {"covered_lines": 5, "num_statements": 5, "percent_covered": 100.0, "percent_covered_display": "100", "missing_lines": 0, "excluded_lines": 0, "percent_statements_covered": 100.0, "percent_statements_covered_display": "100", "num_branches": 0, "num_partial_branches": 0, "covered_branches": 0, "missing_branches": 0, "percent_branches_covered": 100.0, "percent_branches_covered_display": "100"}, "missing_lines": [], "excluded_lines": [], "start_line": 46, "executed_branches": [], "missing_branches": []}, "DatabaseCache._cleanup_expired": {"executed_lines": [69, 72, 73, 77], "summary": {"covered_lines": 4, "num_statements": 5, "percent_covered": 71.42857142857143, "percent_covered_display": "71", "missing_lines": 1, "excluded_lines": 0, "percent_statements_covered": 80.0, "percent_statements_covered_display": "80", "num_branches": 2, "num_partial_branches": 1, "covered_branches": 1, "missing_branches": 1, "percent_branches_covered": 50.0, "percent_branches_covered_display": "50"}, "missing_lines": [70], "excluded_lines": [], "start_line": 67, "executed_branches": [[69, 72]], "missing_branches": [[69, 70]]}, "DatabaseCache.put": {"executed_lines": [88, 90, 93, 94, 95, 97, 99, 107], "summary": {"covered_lines": 8, "num_statements": 9, "percent_covered": 81.81818181818181, "percent_covered_display": "82", "missing_lines": 1, "excluded_lines": 0, "percent_statements_covered": 88.88888888888889, "percent_statements_covered_display": "89", "num_branches": 2, "num_partial_branches": 1, "covered_branches": 1, "missing_branches": 1, "percent_branches_covered": 50.0, "percent_branches_covered_display": "50"}, "missing_lines": [91], "excluded_lines": [], "start_line": 79, "executed_branches": [[90, 93]], "missing_branches": [[90, 91]]}, "DatabaseCache.get": {"executed_lines": [119, 121, 124, 126, 130, 132, 133, 134], "summary": {"covered_lines": 8, "num_statements": 9, "percent_covered": 84.61538461538461, "percent_covered_display": "85", "missing_lines": 1, "excluded_lines": 0, "percent_statements_covered": 88.88888888888889, "percent_statements_covered_display": "89", "num_branches": 4, "num_partial_branches": 1, "covered_branches": 3, "missing_branches": 1, "percent_branches_covered": 75.0, "percent_branches_covered_display": "75"}, "missing_lines": [122], "excluded_lines": [], "start_line": 109, "executed_branches": [[121, 124], [132, 133], [132, 134]], "missing_branches": [[121, 122]]}, "DatabaseCache.delete": {"executed_lines": [143, 146, 150], "summary": {"covered_lines": 3, "num_statements": 4, "percent_covered": 66.66666666666667, "percent_covered_display": "67", "missing_lines": 1, "excluded_lines": 0, "percent_statements_covered": 75.0, "percent_statements_covered_display": "75", "num_branches": 2, "num_partial_branches": 1, "covered_branches": 1, "missing_branches": 1, "percent_branches_covered": 50.0, "percent_branches_covered_display": "50"}, "missing_lines": [144], "excluded_lines": [], "start_line": 136, "executed_branches": [[143, 146]], "missing_branches": [[143, 144]]}, "DatabaseCache.delete_pattern": {"executed_lines": [], "summary": {"covered_lines": 0, "num_statements": 5, "percent_covered": 0.0, "percent_covered_display": "0", "missing_lines": 5, "excluded_lines": 0, "percent_statements_covered": 0.0, "percent_statements_covered_display": "0", "num_branches": 2, "num_partial_branches": 0, "covered_branches": 0, "missing_branches": 2, "percent_branches_covered": 0.0, "percent_branches_covered_display": "0"}, "missing_lines": [162, 163, 165, 169, 170], "excluded_lines": [], "start_line": 152, "executed_branches": [], "missing_branches": [[162, 163], [162, 165]]}, "DatabaseCache.exists": {"executed_lines": [182, 185, 187, 191], "summary": {"covered_lines": 4, "num_statements": 5, "percent_covered": 71.42857142857143, "percent_covered_display": "71", "missing_lines": 1, "excluded_lines": 0, "percent_statements_covered": 80.0, "percent_statements_covered_display": "80", "num_branches": 2, "num_partial_branches": 1, "covered_branches": 1, "missing_branches": 1, "percent_branches_covered": 50.0, "percent_branches_covered_display": "50"}, "missing_lines": [183], "excluded_lines": [], "start_line": 172, "executed_branches": [[182, 185]], "missing_branches": [[182, 183]]}, "DatabaseCache.expire": {"executed_lines": [204, 207, 208, 210, 214, 215], "summary": {"covered_lines": 6, "num_statements": 7, "percent_covered": 77.77777777777777, "percent_covered_display": "78", "missing_lines": 1, "excluded_lines": 0, "percent_statements_covered": 85.71428571428571, "percent_statements_covered_display": "86", "num_branches": 2, "num_partial_branches": 1, "covered_branches": 1, "missing_branches": 1, "percent_branches_covered": 50.0, "percent_branches_covered_display": "50"}, "missing_lines": [205], "excluded_lines": [], "start_line": 193, "executed_branches": [[204, 207]], "missing_branches": [[204, 205]]}, "DatabaseCache.ttl": {"executed_lines": [227, 230, 232, 236, 238, 239, 240, 242], "summary": {"covered_lines": 8, "num_statements": 11, "percent_covered": 64.70588235294117, "percent_covered_display": "65", "missing_lines": 3, "excluded_lines": 0, "percent_statements_covered": 72.72727272727273, "percent_statements_covered_display": "73", "num_branches": 6, "num_partial_branches": 3, "covered_branches": 3, "missing_branches": 3, "percent_branches_covered": 50.0, "percent_branches_covered_display": "50"}, "missing_lines": [228, 241, 243], "excluded_lines": [], "start_line": 217, "executed_branches": [[227, 230], [238, 239], [240, 242]], "missing_branches": [[227, 228], [238, 243], [240, 241]]}, "DatabaseCache.clear": {"executed_lines": [249, 252, 253], "summary": {"covered_lines": 3, "num_statements": 4, "percent_covered": 66.66666666666667, "percent_covered_display": "67", "missing_lines": 1, "excluded_lines": 0, "percent_statements_covered": 75.0, "percent_statements_covered_display": "75", "num_branches": 2, "num_partial_branches": 1, "covered_branches": 1, "missing_branches": 1, "percent_branches_covered": 50.0, "percent_branches_covered_display": "50"}, "missing_lines": [250], "excluded_lines": [], "start_line": 245, "executed_branches": [[249, 252]], "missing_branches": [[249, 250]]}, "DatabaseCache.__len__": {"executed_lines": [262, 265, 267, 270], "summary": {"covered_lines": 4, "num_statements": 5, "percent_covered": 71.42857142857143, "percent_covered_display": "71", "missing_lines": 1, "excluded_lines": 0, "percent_statements_covered": 80.0, "percent_statements_covered_display": "80", "num_branches": 2, "num_partial_branches": 1, "covered_branches": 1, "missing_branches": 1, "percent_branches_covered": 50.0, "percent_branches_covered_display": "50"}, "missing_lines": [263], "excluded_lines": [], "start_line": 255, "executed_branches": [[262, 265]], "missing_branches": [[262, 263]]}, "DatabaseCache.get_many": {"executed_lines": [282, 284, 287, 289, 290, 294, 296, 297, 298, 300], "summary": {"covered_lines": 10, "num_statements": 11, "percent_covered": 86.66666666666667, "percent_covered_display": "87", "missing_lines": 1, "excluded_lines": 0, "percent_statements_covered": 90.9090909090909, "percent_statements_covered_display": "91", "num_branches": 4, "num_partial_branches": 1, "covered_branches": 3, "missing_branches": 1, "percent_branches_covered": 75.0, "percent_branches_covered_display": "75"}, "missing_lines": [285], "excluded_lines": [], "start_line": 272, "executed_branches": [[284, 287], [297, 298], [297, 300]], "missing_branches": [[284, 285]]}, "DatabaseCache.set_many": {"executed_lines": [310, 312, 315, 316, 317, 319, 320, 321, 322, 324, 332], "summary": {"covered_lines": 11, "num_statements": 12, "percent_covered": 87.5, "percent_covered_display": "88", "missing_lines": 1, "excluded_lines": 0, "percent_statements_covered": 91.66666666666667, "percent_statements_covered_display": "92", "num_branches": 4, "num_partial_branches": 1, "covered_branches": 3, "missing_branches": 1, "percent_branches_covered": 75.0, "percent_branches_covered_display": "75"}, "missing_lines": [313], "excluded_lines": [], "start_line": 302, "executed_branches": [[312, 315], [320, 321], [320, 324]], "missing_branches": [[312, 313]]}, "DatabaseCache.delete_many": {"executed_lines": [341, 344, 345, 349], "summary": {"covered_lines": 4, "num_statements": 5, "percent_covered": 71.42857142857143, "percent_covered_display": "71", "missing_lines": 1, "excluded_lines": 0, "percent_statements_covered": 80.0, "percent_statements_covered_display": "80", "num_branches": 2, "num_partial_branches": 1, "covered_branches": 1, "missing_branches": 1, "percent_branches_covered": 50.0, "percent_branches_covered_display": "50"}, "missing_lines": [342], "excluded_lines": [], "start_line": 334, "executed_branches": [[341, 344]], "missing_branches": [[341, 342]]}, "DatabaseCache.close": {"executed_lines": [355, 356, 357, 358, 360, 361], "summary": {"covered_lines": 6, "num_statements": 6, "percent_covered": 80.0, "percent_covered_display": "80", "missing_lines": 0, "excluded_lines": 0, "percent_statements_covered": 100.0, "percent_statements_covered_display": "100", "num_branches": 4, "num_partial_branches": 2, "covered_branches": 2, "missing_branches": 2, "percent_branches_covered": 50.0, "percent_branches_covered_display": "50"}, "missing_lines": [], "excluded_lines": [], "start_line": 351, "executed_branches": [[355, 356], [357, 358]], "missing_branches": [[355, 357], [357, 360]]}, "DatabaseCache.__enter__": {"executed_lines": [365], "summary": {"covered_lines": 1, "num_statements": 1, "percent_covered": 100.0, "percent_covered_display": "100", "missing_lines": 0, "excluded_lines": 0, "percent_statements_covered": 100.0, "percent_statements_covered_display": "100", "num_branches": 0, "num_partial_branches": 0, "covered_branches": 0, "missing_branches": 0, "percent_branches_covered": 100.0, "percent_branches_covered_display": "100"}, "missing_lines": [], "excluded_lines": [], "start_line": 363, "executed_branches": [], "missing_branches": []}, "DatabaseCache.__exit__": {"executed_lines": [369], "summary": {"covered_lines": 1, "num_statements": 1, "percent_covered": 100.0, "percent_covered_display": "100", "missing_lines": 0, "excluded_lines": 0, "percent_statements_covered": 100.0, "percent_statements_covered_display": "100", "num_branches": 0, "num_partial_branches": 0, "covered_branches": 0, "missing_branches": 0, "percent_branches_covered": 100.0, "percent_branches_covered_display": "100"}, "missing_lines": [], "excluded_lines": [], "start_line": 367, "executed_branches": [], "missing_branches": []}, "": {"executed_lines": [10, 11, 12, 15, 22, 46, 67, 79, 109, 136, 152, 172, 193, 217, 245, 255, 272, 302, 334, 351, 363, 367, 372], "summary": {"covered_lines": 23, "num_statements": 23, "percent_covered": 100.0, "percent_covered_display": "100", "missing_lines": 0, "excluded_lines": 0, "percent_statements_covered": 100.0, "percent_statements_covered_display": "100", "num_branches": 0, "num_partial_branches": 0, "covered_branches": 0, "missing_branches": 0, "percent_branches_covered": 100.0, "percent_branches_covered_display": "100"}, "missing_lines": [], "excluded_lines": [], "start_line": 1, "executed_branches": [], "missing_branches": []}}, "classes": {"DatabaseCache": {"executed_lines": [38, 39, 40, 41, 42, 44, 48, 49, 51, 60, 65, 69, 72, 73, 77, 88, 90, 93, 94, 95, 97, 99, 107, 119, 121, 124, 126, 130, 132, 133, 134, 143, 146, 150, 182, 185, 187, 191, 204, 207, 208, 210, 214, 215, 227, 230, 232, 236, 238, 239, 240, 242, 249, 252, 253, 262, 265, 267, 270, 282, 284, 287, 289, 290, 294, 296, 297, 298, 300, 310, 312, 315, 316, 317, 319, 320, 321, 322, 324, 332, 341, 344, 345, 349, 355, 356, 357, 358, 360, 361, 365, 369], "summary": {"covered_lines": 92, "num_statements": 111, "percent_covered": 75.49668874172185, "percent_covered_display": "75", "missing_lines": 19, "excluded_lines": 0, "percent_statements_covered": 82.88288288288288, "percent_statements_covered_display": "83", "num_branches": 40, "num_partial_branches": 16, "covered_branches": 22, "missing_branches": 18, "percent_branches_covered": 55.0, "percent_branches_covered_display": "55"}, "missing_lines": [70, 91, 122, 144, 162, 163, 165, 169, 170, 183, 205, 228, 241, 243, 250, 263, 285, 313, 342], "excluded_lines": [], "start_line": 15, "executed_branches": [[69, 72], [90, 93], [121, 124], [132, 133], [132, 134], [143, 146], [182, 185], [204, 207], [227, 230], [238, 239], [240, 242], [249, 252], [262, 265], [284, 287], [297, 298], [297, 300], [312, 315], [320, 321], [320, 324], [341, 344], [355, 356], [357, 358]], "missing_branches": [[69, 70], [90, 91], [121, 122], [143, 144], [162, 163], [162, 165], [182, 183], [204, 205], [227, 228], [238, 243], [240, 241], [249, 250], [262, 263], [284, 285], [312, 313], [341, 342], [355, 357], [357, 360]]}, "": {"executed_lines": [10, 11, 12, 15, 22, 46, 67, 79, 109, 136, 152, 172, 193, 217, 245, 255, 272, 302, 334, 351, 363, 367, 372], "summary": {"covered_lines": 23, "num_statements": 23, "percent_covered": 100.0, "percent_covered_display": "100", "missing_lines": 0, "excluded_lines": 0, "percent_statements_covered": 100.0, "percent_statements_covered_display": "100", "num_branches": 0, "num_partial_branches": 0, "covered_branches": 0, "missing_branches": 0, "percent_branches_covered": 100.0, "percent_branches_covered_display": "100"}, "missing_lines": [], "excluded_lines": [], "start_line": 1, "executed_branches": [], "missing_branches": []}}}, "src/litefs/cache/factory.py": {"executed_lines": [10, 12, 13, 14, 15, 18, 21, 22, 23, 24, 25, 28, 35, 36, 54, 56, 57, 58, 60, 61, 62, 63, 65, 86, 99, 115, 121, 122, 132, 134, 135, 144, 150, 156, 157, 160, 161, 166, 169], "summary": {"covered_lines": 39, "num_statements": 59, "percent_covered": 65.82278481012658, "percent_covered_display": "66", "missing_lines": 20, "excluded_lines": 0, "percent_statements_covered": 66.10169491525424, "percent_statements_covered_display": "66", "num_branches": 20, "num_partial_branches": 7, "covered_branches": 13, "missing_branches": 7, "percent_branches_covered": 65.0, "percent_branches_covered_display": "65"}, "missing_lines": [66, 67, 68, 69, 70, 71, 72, 74, 87, 88, 89, 91, 100, 101, 102, 103, 105, 136, 145, 151], "excluded_lines": [], "executed_branches": [[56, 57], [56, 60], [60, 61], [60, 65], [65, 86], [86, 99], [99, 115], [135, 144], [144, 150], [150, 156], [156, 157], [156, 160], [160, 161]], "missing_branches": [[65, 66], [86, 87], [99, 100], [135, 136], [144, 145], [150, 151], [160, 166]], "functions": {"CacheFactory.create_cache": {"executed_lines": [54, 56, 57, 58, 60, 61, 62, 63, 65, 86, 99, 115], "summary": {"covered_lines": 12, "num_statements": 29, "percent_covered": 48.717948717948715, "percent_covered_display": "49", "missing_lines": 17, "excluded_lines": 0, "percent_statements_covered": 41.37931034482759, "percent_statements_covered_display": "41", "num_branches": 10, "num_partial_branches": 3, "covered_branches": 7, "missing_branches": 3, "percent_branches_covered": 70.0, "percent_branches_covered_display": "70"}, "missing_lines": [66, 67, 68, 69, 70, 71, 72, 74, 87, 88, 89, 91, 100, 101, 102, 103, 105], "excluded_lines": [], "start_line": 36, "executed_branches": [[56, 57], [56, 60], [60, 61], [60, 65], [65, 86], [86, 99], [99, 115]], "missing_branches": [[65, 66], [86, 87], [99, 100]]}, "CacheFactory.create_from_config": {"executed_lines": [132, 134, 135, 144, 150, 156, 157, 160, 161, 166], "summary": {"covered_lines": 10, "num_statements": 13, "percent_covered": 69.56521739130434, "percent_covered_display": "70", "missing_lines": 3, "excluded_lines": 0, "percent_statements_covered": 76.92307692307692, "percent_statements_covered_display": "77", "num_branches": 10, "num_partial_branches": 4, "covered_branches": 6, "missing_branches": 4, "percent_branches_covered": 60.0, "percent_branches_covered_display": "60"}, "missing_lines": [136, 145, 151], "excluded_lines": [], "start_line": 122, "executed_branches": [[135, 144], [144, 150], [150, 156], [156, 157], [156, 160], [160, 161]], "missing_branches": [[135, 136], [144, 145], [150, 151], [160, 166]]}, "": {"executed_lines": [10, 12, 13, 14, 15, 18, 21, 22, 23, 24, 25, 28, 35, 36, 121, 122, 169], "summary": {"covered_lines": 17, "num_statements": 17, "percent_covered": 100.0, "percent_covered_display": "100", "missing_lines": 0, "excluded_lines": 0, "percent_statements_covered": 100.0, "percent_statements_covered_display": "100", "num_branches": 0, "num_partial_branches": 0, "covered_branches": 0, "missing_branches": 0, "percent_branches_covered": 100.0, "percent_branches_covered_display": "100"}, "missing_lines": [], "excluded_lines": [], "start_line": 1, "executed_branches": [], "missing_branches": []}}, "classes": {"CacheBackend": {"executed_lines": [], "summary": {"covered_lines": 0, "num_statements": 0, "percent_covered": 100.0, "percent_covered_display": "100", "missing_lines": 0, "excluded_lines": 0, "percent_statements_covered": 100.0, "percent_statements_covered_display": "100", "num_branches": 0, "num_partial_branches": 0, "covered_branches": 0, "missing_branches": 0, "percent_branches_covered": 100.0, "percent_branches_covered_display": "100"}, "missing_lines": [], "excluded_lines": [], "start_line": 18, "executed_branches": [], "missing_branches": []}, "CacheFactory": {"executed_lines": [54, 56, 57, 58, 60, 61, 62, 63, 65, 86, 99, 115, 132, 134, 135, 144, 150, 156, 157, 160, 161, 166], "summary": {"covered_lines": 22, "num_statements": 42, "percent_covered": 56.45161290322581, "percent_covered_display": "56", "missing_lines": 20, "excluded_lines": 0, "percent_statements_covered": 52.38095238095238, "percent_statements_covered_display": "52", "num_branches": 20, "num_partial_branches": 7, "covered_branches": 13, "missing_branches": 7, "percent_branches_covered": 65.0, "percent_branches_covered_display": "65"}, "missing_lines": [66, 67, 68, 69, 70, 71, 72, 74, 87, 88, 89, 91, 100, 101, 102, 103, 105, 136, 145, 151], "excluded_lines": [], "start_line": 28, "executed_branches": [[56, 57], [56, 60], [60, 61], [60, 65], [65, 86], [86, 99], [99, 115], [135, 144], [144, 150], [150, 156], [156, 157], [156, 160], [160, 161]], "missing_branches": [[65, 66], [86, 87], [99, 100], [135, 136], [144, 145], [150, 151], [160, 166]]}, "": {"executed_lines": [10, 12, 13, 14, 15, 18, 21, 22, 23, 24, 25, 28, 35, 36, 121, 122, 169], "summary": {"covered_lines": 17, "num_statements": 17, "percent_covered": 100.0, "percent_covered_display": "100", "missing_lines": 0, "excluded_lines": 0, "percent_statements_covered": 100.0, "percent_statements_covered_display": "100", "num_branches": 0, "num_partial_branches": 0, "covered_branches": 0, "missing_branches": 0, "percent_branches_covered": 100.0, "percent_branches_covered_display": "100"}, "missing_lines": [], "excluded_lines": [], "start_line": 1, "executed_branches": [], "missing_branches": []}}}, "src/litefs/cache/form_cache.py": {"executed_lines": [10, 11, 12, 15, 23, 35, 36, 37, 38, 39, 41, 51, 52, 55, 56, 57, 60, 61, 63, 65, 74, 75, 78, 82, 83, 84, 87, 88, 89, 91, 101, 102, 103, 104, 106, 108, 109, 110, 112, 119, 120, 125, 126, 128, 130, 137, 138, 139, 140, 141, 142, 144, 146, 148, 150, 152, 159], "summary": {"covered_lines": 57, "num_statements": 58, "percent_covered": 93.58974358974359, "percent_covered_display": "94", "missing_lines": 1, "excluded_lines": 0, "percent_statements_covered": 98.27586206896552, "percent_statements_covered_display": "98", "num_branches": 20, "num_partial_branches": 4, "covered_branches": 16, "missing_branches": 4, "percent_branches_covered": 80.0, "percent_branches_covered_display": "80"}, "missing_lines": [79], "excluded_lines": [], "executed_branches": [[51, 52], [51, 55], [55, 56], [55, 60], [74, 75], [74, 78], [78, 82], [82, 83], [82, 87], [101, 102], [101, 104], [125, 126], [125, 128], [137, 138], [139, 140], [141, 142]], "missing_branches": [[78, 79], [137, 139], [139, 141], [141, -130]], "functions": {"FormCache.__init__": {"executed_lines": [35, 36, 37, 38, 39], "summary": {"covered_lines": 5, "num_statements": 5, "percent_covered": 100.0, "percent_covered_display": "100", "missing_lines": 0, "excluded_lines": 0, "percent_statements_covered": 100.0, "percent_statements_covered_display": "100", "num_branches": 0, "num_partial_branches": 0, "covered_branches": 0, "missing_branches": 0, "percent_branches_covered": 100.0, "percent_branches_covered_display": "100"}, "missing_lines": [], "excluded_lines": [], "start_line": 23, "executed_branches": [], "missing_branches": []}, "FormCache.get": {"executed_lines": [51, 52, 55, 56, 57, 60, 61, 63], "summary": {"covered_lines": 8, "num_statements": 8, "percent_covered": 100.0, "percent_covered_display": "100", "missing_lines": 0, "excluded_lines": 0, "percent_statements_covered": 100.0, "percent_statements_covered_display": "100", "num_branches": 4, "num_partial_branches": 0, "covered_branches": 4, "missing_branches": 0, "percent_branches_covered": 100.0, "percent_branches_covered_display": "100"}, "missing_lines": [], "excluded_lines": [], "start_line": 41, "executed_branches": [[51, 52], [51, 55], [55, 56], [55, 60]], "missing_branches": []}, "FormCache.set": {"executed_lines": [74, 75, 78, 82, 83, 84, 87, 88, 89], "summary": {"covered_lines": 9, "num_statements": 10, "percent_covered": 87.5, "percent_covered_display": "88", "missing_lines": 1, "excluded_lines": 0, "percent_statements_covered": 90.0, "percent_statements_covered_display": "90", "num_branches": 6, "num_partial_branches": 1, "covered_branches": 5, "missing_branches": 1, "percent_branches_covered": 83.33333333333333, "percent_branches_covered_display": "83"}, "missing_lines": [79], "excluded_lines": [], "start_line": 65, "executed_branches": [[74, 75], [74, 78], [78, 82], [82, 83], [82, 87]], "missing_branches": [[78, 79]]}, "FormCache.delete": {"executed_lines": [101, 102, 103, 104], "summary": {"covered_lines": 4, "num_statements": 4, "percent_covered": 100.0, "percent_covered_display": "100", "missing_lines": 0, "excluded_lines": 0, "percent_statements_covered": 100.0, "percent_statements_covered_display": "100", "num_branches": 2, "num_partial_branches": 0, "covered_branches": 2, "missing_branches": 0, "percent_branches_covered": 100.0, "percent_branches_covered_display": "100"}, "missing_lines": [], "excluded_lines": [], "start_line": 91, "executed_branches": [[101, 102], [101, 104]], "missing_branches": []}, "FormCache.clear": {"executed_lines": [108, 109, 110], "summary": {"covered_lines": 3, "num_statements": 3, "percent_covered": 100.0, "percent_covered_display": "100", "missing_lines": 0, "excluded_lines": 0, "percent_statements_covered": 100.0, "percent_statements_covered_display": "100", "num_branches": 0, "num_partial_branches": 0, "covered_branches": 0, "missing_branches": 0, "percent_branches_covered": 100.0, "percent_branches_covered_display": "100"}, "missing_lines": [], "excluded_lines": [], "start_line": 106, "executed_branches": [], "missing_branches": []}, "FormCache.cleanup_expired": {"executed_lines": [119, 120, 125, 126, 128], "summary": {"covered_lines": 5, "num_statements": 5, "percent_covered": 100.0, "percent_covered_display": "100", "missing_lines": 0, "excluded_lines": 0, "percent_statements_covered": 100.0, "percent_statements_covered_display": "100", "num_branches": 2, "num_partial_branches": 0, "covered_branches": 2, "missing_branches": 0, "percent_branches_covered": 100.0, "percent_branches_covered_display": "100"}, "missing_lines": [], "excluded_lines": [], "start_line": 112, "executed_branches": [[125, 126], [125, 128]], "missing_branches": []}, "FormCache._remove": {"executed_lines": [137, 138, 139, 140, 141, 142], "summary": {"covered_lines": 6, "num_statements": 6, "percent_covered": 75.0, "percent_covered_display": "75", "missing_lines": 0, "excluded_lines": 0, "percent_statements_covered": 100.0, "percent_statements_covered_display": "100", "num_branches": 6, "num_partial_branches": 3, "covered_branches": 3, "missing_branches": 3, "percent_branches_covered": 50.0, "percent_branches_covered_display": "50"}, "missing_lines": [], "excluded_lines": [], "start_line": 130, "executed_branches": [[137, 138], [139, 140], [141, 142]], "missing_branches": [[137, 139], [139, 141], [141, -130]]}, "FormCache.__len__": {"executed_lines": [146], "summary": {"covered_lines": 1, "num_statements": 1, "percent_covered": 100.0, "percent_covered_display": "100", "missing_lines": 0, "excluded_lines": 0, "percent_statements_covered": 100.0, "percent_statements_covered_display": "100", "num_branches": 0, "num_partial_branches": 0, "covered_branches": 0, "missing_branches": 0, "percent_branches_covered": 100.0, "percent_branches_covered_display": "100"}, "missing_lines": [], "excluded_lines": [], "start_line": 144, "executed_branches": [], "missing_branches": []}, "FormCache.__contains__": {"executed_lines": [150], "summary": {"covered_lines": 1, "num_statements": 1, "percent_covered": 100.0, "percent_covered_display": "100", "missing_lines": 0, "excluded_lines": 0, "percent_statements_covered": 100.0, "percent_statements_covered_display": "100", "num_branches": 0, "num_partial_branches": 0, "covered_branches": 0, "missing_branches": 0, "percent_branches_covered": 100.0, "percent_branches_covered_display": "100"}, "missing_lines": [], "excluded_lines": [], "start_line": 148, "executed_branches": [], "missing_branches": []}, "FormCache.get_stats": {"executed_lines": [159], "summary": {"covered_lines": 1, "num_statements": 1, "percent_covered": 100.0, "percent_covered_display": "100", "missing_lines": 0, "excluded_lines": 0, "percent_statements_covered": 100.0, "percent_statements_covered_display": "100", "num_branches": 0, "num_partial_branches": 0, "covered_branches": 0, "missing_branches": 0, "percent_branches_covered": 100.0, "percent_branches_covered_display": "100"}, "missing_lines": [], "excluded_lines": [], "start_line": 152, "executed_branches": [], "missing_branches": []}, "": {"executed_lines": [10, 11, 12, 15, 23, 41, 65, 91, 106, 112, 130, 144, 148, 152], "summary": {"covered_lines": 14, "num_statements": 14, "percent_covered": 100.0, "percent_covered_display": "100", "missing_lines": 0, "excluded_lines": 0, "percent_statements_covered": 100.0, "percent_statements_covered_display": "100", "num_branches": 0, "num_partial_branches": 0, "covered_branches": 0, "missing_branches": 0, "percent_branches_covered": 100.0, "percent_branches_covered_display": "100"}, "missing_lines": [], "excluded_lines": [], "start_line": 1, "executed_branches": [], "missing_branches": []}}, "classes": {"FormCache": {"executed_lines": [35, 36, 37, 38, 39, 51, 52, 55, 56, 57, 60, 61, 63, 74, 75, 78, 82, 83, 84, 87, 88, 89, 101, 102, 103, 104, 108, 109, 110, 119, 120, 125, 126, 128, 137, 138, 139, 140, 141, 142, 146, 150, 159], "summary": {"covered_lines": 43, "num_statements": 44, "percent_covered": 92.1875, "percent_covered_display": "92", "missing_lines": 1, "excluded_lines": 0, "percent_statements_covered": 97.72727272727273, "percent_statements_covered_display": "98", "num_branches": 20, "num_partial_branches": 4, "covered_branches": 16, "missing_branches": 4, "percent_branches_covered": 80.0, "percent_branches_covered_display": "80"}, "missing_lines": [79], "excluded_lines": [], "start_line": 15, "executed_branches": [[51, 52], [51, 55], [55, 56], [55, 60], [74, 75], [74, 78], [78, 82], [82, 83], [82, 87], [101, 102], [101, 104], [125, 126], [125, 128], [137, 138], [139, 140], [141, 142]], "missing_branches": [[78, 79], [137, 139], [139, 141], [141, -130]]}, "": {"executed_lines": [10, 11, 12, 15, 23, 41, 65, 91, 106, 112, 130, 144, 148, 152], "summary": {"covered_lines": 14, "num_statements": 14, "percent_covered": 100.0, "percent_covered_display": "100", "missing_lines": 0, "excluded_lines": 0, "percent_statements_covered": 100.0, "percent_statements_covered_display": "100", "num_branches": 0, "num_partial_branches": 0, "covered_branches": 0, "missing_branches": 0, "percent_branches_covered": 100.0, "percent_branches_covered_display": "100"}, "missing_lines": [], "excluded_lines": [], "start_line": 1, "executed_branches": [], "missing_branches": []}}}, "src/litefs/cache/manager.py": {"executed_lines": [10, 11, 13, 14, 15, 16, 17, 20, 42, 43, 45, 46, 47, 48, 49, 50, 51, 53, 54, 55, 57, 58, 61, 62, 63, 65, 66, 86, 87, 89, 90, 91, 92, 93, 95, 97, 98, 108, 109, 110, 116, 117, 127, 128, 129, 135, 136, 145, 147, 148, 149, 150, 151, 153, 154, 164, 165, 167, 168, 175, 176, 179, 193], "summary": {"covered_lines": 63, "num_statements": 64, "percent_covered": 93.75, "percent_covered_display": "94", "missing_lines": 1, "excluded_lines": 0, "percent_statements_covered": 98.4375, "percent_statements_covered_display": "98", "num_branches": 16, "num_partial_branches": 4, "covered_branches": 12, "missing_branches": 4, "percent_branches_covered": 75.0, "percent_branches_covered_display": "75"}, "missing_lines": [59], "excluded_lines": [], "executed_branches": [[46, 47], [46, 51], [48, 49], [54, 55], [54, 57], [58, 61], [89, 90], [89, 95], [91, 92], [148, 149], [148, 150], [150, 151]], "missing_branches": [[48, 51], [58, 59], [91, 95], [150, -135]], "functions": {"CacheManager.__new__": {"executed_lines": [46, 47, 48, 49, 50, 51], "summary": {"covered_lines": 6, "num_statements": 6, "percent_covered": 90.0, "percent_covered_display": "90", "missing_lines": 0, "excluded_lines": 0, "percent_statements_covered": 100.0, "percent_statements_covered_display": "100", "num_branches": 4, "num_partial_branches": 1, "covered_branches": 3, "missing_branches": 1, "percent_branches_covered": 75.0, "percent_branches_covered_display": "75"}, "missing_lines": [], "excluded_lines": [], "start_line": 45, "executed_branches": [[46, 47], [46, 51], [48, 49]], "missing_branches": [[48, 51]]}, "CacheManager.__init__": {"executed_lines": [54, 55, 57, 58, 61, 62, 63], "summary": {"covered_lines": 7, "num_statements": 8, "percent_covered": 83.33333333333333, "percent_covered_display": "83", "missing_lines": 1, "excluded_lines": 0, "percent_statements_covered": 87.5, "percent_statements_covered_display": "88", "num_branches": 4, "num_partial_branches": 1, "covered_branches": 3, "missing_branches": 1, "percent_branches_covered": 75.0, "percent_branches_covered_display": "75"}, "missing_lines": [59], "excluded_lines": [], "start_line": 53, "executed_branches": [[54, 55], [54, 57], [58, 61]], "missing_branches": [[58, 59]]}, "CacheManager.get_cache": {"executed_lines": [86, 87, 89, 90, 91, 92, 93, 95], "summary": {"covered_lines": 8, "num_statements": 8, "percent_covered": 91.66666666666667, "percent_covered_display": "92", "missing_lines": 0, "excluded_lines": 0, "percent_statements_covered": 100.0, "percent_statements_covered_display": "100", "num_branches": 4, "num_partial_branches": 1, "covered_branches": 3, "missing_branches": 1, "percent_branches_covered": 75.0, "percent_branches_covered_display": "75"}, "missing_lines": [], "excluded_lines": [], "start_line": 66, "executed_branches": [[89, 90], [89, 95], [91, 92]], "missing_branches": [[91, 95]]}, "CacheManager.get_session_cache": {"executed_lines": [108, 109, 110], "summary": {"covered_lines": 3, "num_statements": 3, "percent_covered": 100.0, "percent_covered_display": "100", "missing_lines": 0, "excluded_lines": 0, "percent_statements_covered": 100.0, "percent_statements_covered_display": "100", "num_branches": 0, "num_partial_branches": 0, "covered_branches": 0, "missing_branches": 0, "percent_branches_covered": 100.0, "percent_branches_covered_display": "100"}, "missing_lines": [], "excluded_lines": [], "start_line": 98, "executed_branches": [], "missing_branches": []}, "CacheManager.get_file_cache": {"executed_lines": [127, 128, 129], "summary": {"covered_lines": 3, "num_statements": 3, "percent_covered": 100.0, "percent_covered_display": "100", "missing_lines": 0, "excluded_lines": 0, "percent_statements_covered": 100.0, "percent_statements_covered_display": "100", "num_branches": 0, "num_partial_branches": 0, "covered_branches": 0, "missing_branches": 0, "percent_branches_covered": 100.0, "percent_branches_covered_display": "100"}, "missing_lines": [], "excluded_lines": [], "start_line": 117, "executed_branches": [], "missing_branches": []}, "CacheManager.reset_cache": {"executed_lines": [145, 147, 148, 149, 150, 151], "summary": {"covered_lines": 6, "num_statements": 6, "percent_covered": 90.0, "percent_covered_display": "90", "missing_lines": 0, "excluded_lines": 0, "percent_statements_covered": 100.0, "percent_statements_covered_display": "100", "num_branches": 4, "num_partial_branches": 1, "covered_branches": 3, "missing_branches": 1, "percent_branches_covered": 75.0, "percent_branches_covered_display": "75"}, "missing_lines": [], "excluded_lines": [], "start_line": 136, "executed_branches": [[148, 149], [148, 150], [150, 151]], "missing_branches": [[150, -135]]}, "CacheManager.has_cache": {"executed_lines": [164, 165], "summary": {"covered_lines": 2, "num_statements": 2, "percent_covered": 100.0, "percent_covered_display": "100", "missing_lines": 0, "excluded_lines": 0, "percent_statements_covered": 100.0, "percent_statements_covered_display": "100", "num_branches": 0, "num_partial_branches": 0, "covered_branches": 0, "missing_branches": 0, "percent_branches_covered": 100.0, "percent_branches_covered_display": "100"}, "missing_lines": [], "excluded_lines": [], "start_line": 154, "executed_branches": [], "missing_branches": []}, "CacheManager.list_caches": {"executed_lines": [175, 176], "summary": {"covered_lines": 2, "num_statements": 2, "percent_covered": 100.0, "percent_covered_display": "100", "missing_lines": 0, "excluded_lines": 0, "percent_statements_covered": 100.0, "percent_statements_covered_display": "100", "num_branches": 0, "num_partial_branches": 0, "covered_branches": 0, "missing_branches": 0, "percent_branches_covered": 100.0, "percent_branches_covered_display": "100"}, "missing_lines": [], "excluded_lines": [], "start_line": 168, "executed_branches": [], "missing_branches": []}, "get_global_cache": {"executed_lines": [193], "summary": {"covered_lines": 1, "num_statements": 1, "percent_covered": 100.0, "percent_covered_display": "100", "missing_lines": 0, "excluded_lines": 0, "percent_statements_covered": 100.0, "percent_statements_covered_display": "100", "num_branches": 0, "num_partial_branches": 0, "covered_branches": 0, "missing_branches": 0, "percent_branches_covered": 100.0, "percent_branches_covered_display": "100"}, "missing_lines": [], "excluded_lines": [], "start_line": 179, "executed_branches": [], "missing_branches": []}, "": {"executed_lines": [10, 11, 13, 14, 15, 16, 17, 20, 42, 43, 45, 53, 65, 66, 97, 98, 116, 117, 135, 136, 153, 154, 167, 168, 179], "summary": {"covered_lines": 25, "num_statements": 25, "percent_covered": 100.0, "percent_covered_display": "100", "missing_lines": 0, "excluded_lines": 0, "percent_statements_covered": 100.0, "percent_statements_covered_display": "100", "num_branches": 0, "num_partial_branches": 0, "covered_branches": 0, "missing_branches": 0, "percent_branches_covered": 100.0, "percent_branches_covered_display": "100"}, "missing_lines": [], "excluded_lines": [], "start_line": 1, "executed_branches": [], "missing_branches": []}}, "classes": {"CacheManager": {"executed_lines": [46, 47, 48, 49, 50, 51, 54, 55, 57, 58, 61, 62, 63, 86, 87, 89, 90, 91, 92, 93, 95, 108, 109, 110, 127, 128, 129, 145, 147, 148, 149, 150, 151, 164, 165, 175, 176], "summary": {"covered_lines": 37, "num_statements": 38, "percent_covered": 90.74074074074075, "percent_covered_display": "91", "missing_lines": 1, "excluded_lines": 0, "percent_statements_covered": 97.36842105263158, "percent_statements_covered_display": "97", "num_branches": 16, "num_partial_branches": 4, "covered_branches": 12, "missing_branches": 4, "percent_branches_covered": 75.0, "percent_branches_covered_display": "75"}, "missing_lines": [59], "excluded_lines": [], "start_line": 20, "executed_branches": [[46, 47], [46, 51], [48, 49], [54, 55], [54, 57], [58, 61], [89, 90], [89, 95], [91, 92], [148, 149], [148, 150], [150, 151]], "missing_branches": [[48, 51], [58, 59], [91, 95], [150, -135]]}, "": {"executed_lines": [10, 11, 13, 14, 15, 16, 17, 20, 42, 43, 45, 53, 65, 66, 97, 98, 116, 117, 135, 136, 153, 154, 167, 168, 179, 193], "summary": {"covered_lines": 26, "num_statements": 26, "percent_covered": 100.0, "percent_covered_display": "100", "missing_lines": 0, "excluded_lines": 0, "percent_statements_covered": 100.0, "percent_statements_covered_display": "100", "num_branches": 0, "num_partial_branches": 0, "covered_branches": 0, "missing_branches": 0, "percent_branches_covered": 100.0, "percent_branches_covered_display": "100"}, "missing_lines": [], "excluded_lines": [], "start_line": 1, "executed_branches": [], "missing_branches": []}}}, "src/litefs/cache/memcache.py": {"executed_lines": [10, 11, 12, 15, 22, 40, 41, 43, 46, 47, 48, 58, 59, 61, 63, 65, 66, 67, 71, 72, 74, 78, 101, 124, 134, 148, 161, 185, 202, 210, 221, 263, 292, 309, 319, 323, 328], "summary": {"covered_lines": 37, "num_statements": 133, "percent_covered": 22.80701754385965, "percent_covered_display": "23", "missing_lines": 96, "excluded_lines": 0, "percent_statements_covered": 27.81954887218045, "percent_statements_covered_display": "28", "num_branches": 38, "num_partial_branches": 2, "covered_branches": 2, "missing_branches": 36, "percent_branches_covered": 5.2631578947368425, "percent_branches_covered_display": "5"}, "missing_lines": [44, 49, 50, 51, 52, 53, 69, 70, 76, 87, 88, 91, 92, 93, 94, 96, 97, 99, 111, 112, 114, 115, 118, 119, 120, 122, 131, 132, 146, 158, 159, 172, 173, 175, 176, 178, 179, 181, 183, 197, 198, 199, 200, 208, 219, 231, 232, 234, 236, 237, 238, 239, 240, 241, 243, 244, 245, 247, 248, 250, 251, 252, 253, 254, 256, 257, 258, 260, 261, 271, 272, 274, 276, 277, 279, 280, 281, 282, 284, 285, 287, 288, 290, 299, 300, 302, 304, 305, 307, 313, 314, 315, 316, 317, 321, 325], "excluded_lines": [], "executed_branches": [[43, 46], [66, 67]], "missing_branches": [[43, 44], [66, 69], [96, 97], [96, 99], [114, 115], [114, 118], [175, 176], [175, 178], [178, 179], [178, 181], [198, 199], [198, 200], [231, 232], [231, 234], [236, 237], [236, 250], [239, 240], [239, 248], [241, 239], [241, 243], [252, 253], [252, 261], [254, 252], [254, 256], [271, 272], [271, 274], [277, 279], [277, 287], [287, 288], [287, 290], [299, 300], [299, 302], [304, 305], [304, 307], [314, -309], [314, 315]], "functions": {"MemcacheCache.__init__": {"executed_lines": [40, 41, 43, 46, 47, 48, 58, 59, 61], "summary": {"covered_lines": 9, "num_statements": 15, "percent_covered": 58.8235294117647, "percent_covered_display": "59", "missing_lines": 6, "excluded_lines": 0, "percent_statements_covered": 60.0, "percent_statements_covered_display": "60", "num_branches": 2, "num_partial_branches": 1, "covered_branches": 1, "missing_branches": 1, "percent_branches_covered": 50.0, "percent_branches_covered_display": "50"}, "missing_lines": [44, 49, 50, 51, 52, 53], "excluded_lines": [], "start_line": 22, "executed_branches": [[43, 46]], "missing_branches": [[43, 44]]}, "MemcacheCache._test_connection": {"executed_lines": [65, 66, 67, 71, 72], "summary": {"covered_lines": 5, "num_statements": 7, "percent_covered": 66.66666666666667, "percent_covered_display": "67", "missing_lines": 2, "excluded_lines": 0, "percent_statements_covered": 71.42857142857143, "percent_statements_covered_display": "71", "num_branches": 2, "num_partial_branches": 1, "covered_branches": 1, "missing_branches": 1, "percent_branches_covered": 50.0, "percent_branches_covered_display": "50"}, "missing_lines": [69, 70], "excluded_lines": [], "start_line": 63, "executed_branches": [[66, 67]], "missing_branches": [[66, 69]]}, "MemcacheCache._make_key": {"executed_lines": [], "summary": {"covered_lines": 0, "num_statements": 1, "percent_covered": 0.0, "percent_covered_display": "0", "missing_lines": 1, "excluded_lines": 0, "percent_statements_covered": 0.0, "percent_statements_covered_display": "0", "num_branches": 0, "num_partial_branches": 0, "covered_branches": 0, "missing_branches": 0, "percent_branches_covered": 100.0, "percent_branches_covered_display": "100"}, "missing_lines": [76], "excluded_lines": [], "start_line": 74, "executed_branches": [], "missing_branches": []}, "MemcacheCache.put": {"executed_lines": [], "summary": {"covered_lines": 0, "num_statements": 9, "percent_covered": 0.0, "percent_covered_display": "0", "missing_lines": 9, "excluded_lines": 0, "percent_statements_covered": 0.0, "percent_statements_covered_display": "0", "num_branches": 2, "num_partial_branches": 0, "covered_branches": 0, "missing_branches": 2, "percent_branches_covered": 0.0, "percent_branches_covered_display": "0"}, "missing_lines": [87, 88, 91, 92, 93, 94, 96, 97, 99], "excluded_lines": [], "start_line": 78, "executed_branches": [], "missing_branches": [[96, 97], [96, 99]]}, "MemcacheCache.get": {"executed_lines": [], "summary": {"covered_lines": 0, "num_statements": 8, "percent_covered": 0.0, "percent_covered_display": "0", "missing_lines": 8, "excluded_lines": 0, "percent_statements_covered": 0.0, "percent_statements_covered_display": "0", "num_branches": 2, "num_partial_branches": 0, "covered_branches": 0, "missing_branches": 2, "percent_branches_covered": 0.0, "percent_branches_covered_display": "0"}, "missing_lines": [111, 112, 114, 115, 118, 119, 120, 122], "excluded_lines": [], "start_line": 101, "executed_branches": [], "missing_branches": [[114, 115], [114, 118]]}, "MemcacheCache.delete": {"executed_lines": [], "summary": {"covered_lines": 0, "num_statements": 2, "percent_covered": 0.0, "percent_covered_display": "0", "missing_lines": 2, "excluded_lines": 0, "percent_statements_covered": 0.0, "percent_statements_covered_display": "0", "num_branches": 0, "num_partial_branches": 0, "covered_branches": 0, "missing_branches": 0, "percent_branches_covered": 100.0, "percent_branches_covered_display": "100"}, "missing_lines": [131, 132], "excluded_lines": [], "start_line": 124, "executed_branches": [], "missing_branches": []}, "MemcacheCache.delete_pattern": {"executed_lines": [], "summary": {"covered_lines": 0, "num_statements": 1, "percent_covered": 0.0, "percent_covered_display": "0", "missing_lines": 1, "excluded_lines": 0, "percent_statements_covered": 0.0, "percent_statements_covered_display": "0", "num_branches": 0, "num_partial_branches": 0, "covered_branches": 0, "missing_branches": 0, "percent_branches_covered": 100.0, "percent_branches_covered_display": "100"}, "missing_lines": [146], "excluded_lines": [], "start_line": 134, "executed_branches": [], "missing_branches": []}, "MemcacheCache.exists": {"executed_lines": [], "summary": {"covered_lines": 0, "num_statements": 2, "percent_covered": 0.0, "percent_covered_display": "0", "missing_lines": 2, "excluded_lines": 0, "percent_statements_covered": 0.0, "percent_statements_covered_display": "0", "num_branches": 0, "num_partial_branches": 0, "covered_branches": 0, "missing_branches": 0, "percent_branches_covered": 100.0, "percent_branches_covered_display": "100"}, "missing_lines": [158, 159], "excluded_lines": [], "start_line": 148, "executed_branches": [], "missing_branches": []}, "MemcacheCache.expire": {"executed_lines": [], "summary": {"covered_lines": 0, "num_statements": 8, "percent_covered": 0.0, "percent_covered_display": "0", "missing_line
[...]
ercent_statements_covered": 71.42857142857143, "percent_statements_covered_display": "71", "num_branches": 6, "num_partial_branches": 2, "covered_branches": 4, "missing_branches": 2, "percent_branches_covered": 66.66666666666667, "percent_branches_covered_display": "67"}, "missing_lines": [163, 166], "excluded_lines": [], "start_line": 161, "executed_branches": [[162, 165], [165, 168], [168, 169], [168, 171]], "missing_branches": [[162, 163], [165, 166]]}, "URLValidator.__init__": {"executed_lines": [181, 184], "summary": {"covered_lines": 2, "num_statements": 2, "percent_covered": 100.0, "percent_covered_display": "100", "missing_lines": 0, "excluded_lines": 0, "percent_statements_covered": 100.0, "percent_statements_covered_display": "100", "num_branches": 0, "num_partial_branches": 0, "covered_branches": 0, "missing_branches": 0, "percent_branches_covered": 100.0, "percent_branches_covered_display": "100"}, "missing_lines": [], "excluded_lines": [], "start_line": 177, "executed_branches": [], "missing_branches": []}, "URLValidator.validate": {"executed_lines": [187, 190, 193, 194, 196], "summary": {"covered_lines": 5, "num_statements": 7, "percent_covered": 69.23076923076923, "percent_covered_display": "69", "missing_lines": 2, "excluded_lines": 0, "percent_statements_covered": 71.42857142857143, "percent_statements_covered_display": "71", "num_branches": 6, "num_partial_branches": 2, "covered_branches": 4, "missing_branches": 2, "percent_branches_covered": 66.66666666666667, "percent_branches_covered_display": "67"}, "missing_lines": [188, 191], "excluded_lines": [], "start_line": 186, "executed_branches": [[187, 190], [190, 193], [193, 194], [193, 196]], "missing_branches": [[187, 188], [190, 191]]}, "ChoiceValidator.__init__": {"executed_lines": [207, 208, 209, 210], "summary": {"covered_lines": 4, "num_statements": 4, "percent_covered": 83.33333333333333, "percent_covered_display": "83", "missing_lines": 0, "excluded_lines": 0, "percent_statements_covered": 100.0, "percent_statements_covered_display": "100", "num_branches": 2, "num_partial_branches": 1, "covered_branches": 1, "missing_branches": 1, "percent_branches_covered": 50.0, "percent_branches_covered_display": "50"}, "missing_lines": [], "excluded_lines": [], "start_line": 202, "executed_branches": [[208, 209]], "missing_branches": [[208, 210]]}, "ChoiceValidator.validate": {"executed_lines": [213, 216, 217, 219], "summary": {"covered_lines": 4, "num_statements": 5, "percent_covered": 77.77777777777777, "percent_covered_display": "78", "missing_lines": 1, "excluded_lines": 0, "percent_statements_covered": 80.0, "percent_statements_covered_display": "80", "num_branches": 4, "num_partial_branches": 1, "covered_branches": 3, "missing_branches": 1, "percent_branches_covered": 75.0, "percent_branches_covered_display": "75"}, "missing_lines": [214], "excluded_lines": [], "start_line": 212, "executed_branches": [[213, 216], [216, 217], [216, 219]], "missing_branches": [[213, 214]]}, "RegexValidator.__init__": {"executed_lines": [230, 231], "summary": {"covered_lines": 2, "num_statements": 2, "percent_covered": 100.0, "percent_covered_display": "100", "missing_lines": 0, "excluded_lines": 0, "percent_statements_covered": 100.0, "percent_statements_covered_display": "100", "num_branches": 0, "num_partial_branches": 0, "covered_branches": 0, "missing_branches": 0, "percent_branches_covered": 100.0, "percent_branches_covered_display": "100"}, "missing_lines": [], "excluded_lines": [], "start_line": 225, "executed_branches": [], "missing_branches": []}, "RegexValidator.validate": {"executed_lines": [234, 237, 240, 241, 243], "summary": {"covered_lines": 5, "num_statements": 7, "percent_covered": 69.23076923076923, "percent_covered_display": "69", "missing_lines": 2, "excluded_lines": 0, "percent_statements_covered": 71.42857142857143, "percent_statements_covered_display": "71", "num_branches": 6, "num_partial_branches": 2, "covered_branches": 4, "missing_branches": 2, "percent_branches_covered": 66.66666666666667, "percent_branches_covered_display": "67"}, "missing_lines": [235, 238], "excluded_lines": [], "start_line": 233, "executed_branches": [[234, 237], [237, 240], [240, 241], [240, 243]], "missing_branches": [[234, 235], [237, 238]]}, "FormValidator.__init__": {"executed_lines": [250, 251], "summary": {"covered_lines": 2, "num_statements": 2, "percent_covered": 100.0, "percent_covered_display": "100", "missing_lines": 0, "excluded_lines": 0, "percent_statements_covered": 100.0, "percent_statements_covered_display": "100", "num_branches": 0, "num_partial_branches": 0, "covered_branches": 0, "missing_branches": 0, "percent_branches_covered": 100.0, "percent_branches_covered_display": "100"}, "missing_lines": [], "excluded_lines": [], "start_line": 249, "executed_branches": [], "missing_branches": []}, "FormValidator.add_field": {"executed_lines": [265, 267], "summary": {"covered_lines": 2, "num_statements": 3, "percent_covered": 60.0, "percent_covered_display": "60", "missing_lines": 1, "excluded_lines": 0, "percent_statements_covered": 66.66666666666667, "percent_statements_covered_display": "67", "num_branches": 2, "num_partial_branches": 1, "covered_branches": 1, "missing_branches": 1, "percent_branches_covered": 50.0, "percent_branches_covered_display": "50"}, "missing_lines": [266], "excluded_lines": [], "start_line": 253, "executed_branches": [[265, 267]], "missing_branches": [[265, 266]]}, "FormValidator.validate": {"executed_lines": [279, 280, 282, 283, 284, 286, 287, 288, 289, 290, 292, 293, 295], "summary": {"covered_lines": 13, "num_statements": 13, "percent_covered": 100.0, "percent_covered_display": "100", "missing_lines": 0, "excluded_lines": 0, "percent_statements_covered": 100.0, "percent_statements_covered_display": "100", "num_branches": 6, "num_partial_branches": 0, "covered_branches": 6, "missing_branches": 0, "percent_branches_covered": 100.0, "percent_branches_covered_display": "100"}, "missing_lines": [], "excluded_lines": [], "start_line": 269, "executed_branches": [[282, 283], [282, 295], [286, 287], [286, 292], [292, 282], [292, 293]], "missing_branches": []}, "FormValidator.get_errors": {"executed_lines": [], "summary": {"covered_lines": 0, "num_statements": 1, "percent_covered": 0.0, "percent_covered_display": "0", "missing_lines": 1, "excluded_lines": 0, "percent_statements_covered": 0.0, "percent_statements_covered_display": "0", "num_branches": 0, "num_partial_branches": 0, "covered_branches": 0, "missing_branches": 0, "percent_branches_covered": 100.0, "percent_branches_covered_display": "100"}, "missing_lines": [299], "excluded_lines": [], "start_line": 297, "executed_branches": [], "missing_branches": []}, "required": {"executed_lines": [304], "summary": {"covered_lines": 1, "num_statements": 1, "percent_covered": 100.0, "percent_covered_display": "100", "missing_lines": 0, "excluded_lines": 0, "percent_statements_covered": 100.0, "percent_statements_covered_display": "100", "num_branches": 0, "num_partial_branches": 0, "covered_branches": 0, "missing_branches": 0, "percent_branches_covered": 100.0, "percent_branches_covered_display": "100"}, "missing_lines": [], "excluded_lines": [], "start_line": 302, "executed_branches": [], "missing_branches": []}, "string_type": {"executed_lines": [314], "summary": {"covered_lines": 1, "num_statements": 1, "percent_covered": 100.0, "percent_covered_display": "100", "missing_lines": 0, "excluded_lines": 0, "percent_statements_covered": 100.0, "percent_statements_covered_display": "100", "num_branches": 0, "num_partial_branches": 0, "covered_branches": 0, "missing_branches": 0, "percent_branches_covered": 100.0, "percent_branches_covered_display": "100"}, "missing_lines": [], "excluded_lines": [], "start_line": 307, "executed_branches": [], "missing_branches": []}, "number_type": {"executed_lines": [323], "summary": {"covered_lines": 1, "num_statements": 1, "percent_covered": 100.0, "percent_covered_display": "100", "missing_lines": 0, "excluded_lines": 0, "percent_statements_covered": 100.0, "percent_statements_covered_display": "100", "num_branches": 0, "num_partial_branches": 0, "covered_branches": 0, "missing_branches": 0, "percent_branches_covered": 100.0, "percent_branches_covered_display": "100"}, "missing_lines": [], "excluded_lines": [], "start_line": 317, "executed_branches": [], "missing_branches": []}, "email": {"executed_lines": [328], "summary": {"covered_lines": 1, "num_statements": 1, "percent_covered": 100.0, "percent_covered_display": "100", "missing_lines": 0, "excluded_lines": 0, "percent_statements_covered": 100.0, "percent_statements_covered_display": "100", "num_branches": 0, "num_partial_branches": 0, "covered_branches": 0, "missing_branches": 0, "percent_branches_covered": 100.0, "percent_branches_covered_display": "100"}, "missing_lines": [], "excluded_lines": [], "start_line": 326, "executed_branches": [], "missing_branches": []}, "url": {"executed_lines": [333], "summary": {"covered_lines": 1, "num_statements": 1, "percent_covered": 100.0, "percent_covered_display": "100", "missing_lines": 0, "excluded_lines": 0, "percent_statements_covered": 100.0, "percent_statements_covered_display": "100", "num_branches": 0, "num_partial_branches": 0, "covered_branches": 0, "missing_branches": 0, "percent_branches_covered": 100.0, "percent_branches_covered_display": "100"}, "missing_lines": [], "excluded_lines": [], "start_line": 331, "executed_branches": [], "missing_branches": []}, "choice": {"executed_lines": [338], "summary": {"covered_lines": 1, "num_statements": 1, "percent_covered": 100.0, "percent_covered_display": "100", "missing_lines": 0, "excluded_lines": 0, "percent_statements_covered": 100.0, "percent_statements_covered_display": "100", "num_branches": 0, "num_partial_branches": 0, "covered_branches": 0, "missing_branches": 0, "percent_branches_covered": 100.0, "percent_branches_covered_display": "100"}, "missing_lines": [], "excluded_lines": [], "start_line": 336, "executed_branches": [], "missing_branches": []}, "regex": {"executed_lines": [343], "summary": {"covered_lines": 1, "num_statements": 1, "percent_covered": 100.0, "percent_covered_display": "100", "missing_lines": 0, "excluded_lines": 0, "percent_statements_covered": 100.0, "percent_statements_covered_display": "100", "num_branches": 0, "num_partial_branches": 0, "covered_branches": 0, "missing_branches": 0, "percent_branches_covered": 100.0, "percent_branches_covered_display": "100"}, "missing_lines": [], "excluded_lines": [], "start_line": 341, "executed_branches": [], "missing_branches": []}, "": {"executed_lines": [10, 11, 14, 17, 22, 28, 31, 34, 51, 54, 57, 63, 66, 72, 78, 81, 93, 116, 119, 129, 149, 152, 161, 174, 177, 186, 199, 202, 212, 222, 225, 233, 246, 249, 253, 269, 297, 302, 307, 317, 326, 331, 336, 341, 346], "summary": {"covered_lines": 45, "num_statements": 45, "percent_covered": 100.0, "percent_covered_display": "100", "missing_lines": 0, "excluded_lines": 0, "percent_statements_covered": 100.0, "percent_statements_covered_display": "100", "num_branches": 0, "num_partial_branches": 0, "covered_branches": 0, "missing_branches": 0, "percent_branches_covered": 100.0, "percent_branches_covered_display": "100"}, "missing_lines": [], "excluded_lines": [], "start_line": 1, "executed_branches": [], "missing_branches": []}}, "classes": {"ValidationError": {"executed_lines": [18, 19, 20, 23, 24], "summary": {"covered_lines": 5, "num_statements": 6, "percent_covered": 75.0, "percent_covered_display": "75", "missing_lines": 1, "excluded_lines": 0, "percent_statements_covered": 83.33333333333333, "percent_statements_covered_display": "83", "num_branches": 2, "num_partial_branches": 1, "covered_branches": 1, "missing_branches": 1, "percent_branches_covered": 50.0, "percent_branches_covered_display": "50"}, "missing_lines": [25], "excluded_lines": [], "start_line": 14, "executed_branches": [[23, 24]], "missing_branches": [[23, 25]]}, "Validator": {"executed_lines": [32], "summary": {"covered_lines": 1, "num_statements": 1, "percent_covered": 100.0, "percent_covered_display": "100", "missing_lines": 0, "excluded_lines": 1, "percent_statements_covered": 100.0, "percent_statements_covered_display": "100", "num_branches": 0, "num_partial_branches": 0, "covered_branches": 0, "missing_branches": 0, "percent_branches_covered": 100.0, "percent_branches_covered_display": "100"}, "missing_lines": [], "excluded_lines": [48], "start_line": 28, "executed_branches": [], "missing_branches": []}, "RequiredValidator": {"executed_lines": [55, 58, 59, 60], "summary": {"covered_lines": 4, "num_statements": 4, "percent_covered": 100.0, "percent_covered_display": "100", "missing_lines": 0, "excluded_lines": 0, "percent_statements_covered": 100.0, "percent_statements_covered_display": "100", "num_branches": 2, "num_partial_branches": 0, "covered_branches": 2, "missing_branches": 0, "percent_branches_covered": 100.0, "percent_branches_covered_display": "100"}, "missing_lines": [], "excluded_lines": [], "start_line": 51, "executed_branches": [[58, 59], [58, 60]], "missing_branches": []}, "TypeValidator": {"executed_lines": [], "summary": {"covered_lines": 0, "num_statements": 7, "percent_covered": 0.0, "percent_covered_display": "0", "missing_lines": 7, "excluded_lines": 0, "percent_statements_covered": 0.0, "percent_statements_covered_display": "0", "num_branches": 4, "num_partial_branches": 0, "covered_branches": 0, "missing_branches": 4, "percent_branches_covered": 0.0, "percent_branches_covered_display": "0"}, "missing_lines": [67, 68, 69, 70, 73, 74, 75], "excluded_lines": [], "start_line": 63, "executed_branches": [], "missing_branches": [[68, 69], [68, 70], [73, 74], [73, 75]]}, "StringValidator": {"executed_lines": [88, 89, 90, 91, 94, 97, 100, 101, 105, 106, 110, 111, 113], "summary": {"covered_lines": 13, "num_statements": 15, "percent_covered": 84.0, "percent_covered_display": "84", "missing_lines": 2, "excluded_lines": 0, "percent_statements_covered": 86.66666666666667, "percent_statements_covered_display": "87", "num_branches": 10, "num_partial_branches": 2, "covered_branches": 8, "missing_branches": 2, "percent_branches_covered": 80.0, "percent_branches_covered_display": "80"}, "missing_lines": [95, 98], "excluded_lines": [], "start_line": 78, "executed_branches": [[94, 97], [97, 100], [100, 101], [100, 105], [105, 106], [105, 110], [110, 111], [110, 113]], "missing_branches": [[94, 95], [97, 98]]}, "NumberValidator": {"executed_lines": [125, 126, 127, 130, 133, 136, 137, 141, 142, 146], "summary": {"covered_lines": 10, "num_statements": 12, "percent_covered": 80.0, "percent_covered_display": "80", "missing_lines": 2, "excluded_lines": 0, "percent_statements_covered": 83.33333333333333, "percent_statements_covered_display": "83", "num_branches": 8, "num_partial_branches": 2, "covered_branches": 6, "missing_branches": 2, "percent_branches_covered": 75.0, "percent_branches_covered_display": "75"}, "missing_lines": [131, 134], "excluded_lines": [], "start_line": 116, "executed_branches": [[130, 133], [133, 136], [136, 137], [136, 141], [141, 142], [141, 146]], "missing_branches": [[130, 131], [133, 134]]}, "EmailValidator": {"executed_lines": [156, 159, 162, 165, 168, 169, 171], "summary": {"covered_lines": 7, "num_statements": 9, "percent_covered": 73.33333333333333, "percent_covered_display": "73", "missing_lines": 2, "excluded_lines": 0, "percent_statements_covered": 77.77777777777777, "percent_statements_covered_display": "78", "num_branches": 6, "num_partial_branches": 2, "covered_branches": 4, "missing_branches": 2, "percent_branches_covered": 66.66666666666667, "percent_branches_covered_display": "67"}, "missing_lines": [163, 166], "excluded_lines": [], "start_line": 149, "executed_branches": [[162, 165], [165, 168], [168, 169], [168, 171]], "missing_branches": [[162, 163], [165, 166]]}, "URLValidator": {"executed_lines": [181, 184, 187, 190, 193, 194, 196], "summary": {"covered_lines": 7, "num_statements": 9, "percent_covered": 73.33333333333333, "percent_covered_display": "73", "missing_lines": 2, "excluded_lines": 0, "percent_statements_covered": 77.77777777777777, "percent_statements_covered_display": "78", "num_branches": 6, "num_partial_branches": 2, "covered_branches": 4, "missing_branches": 2, "percent_branches_covered": 66.66666666666667, "percent_branches_covered_display": "67"}, "missing_lines": [188, 191], "excluded_lines": [], "start_line": 174, "executed_branches": [[187, 190], [190, 193], [193, 194], [193, 196]], "missing_branches": [[187, 188], [190, 191]]}, "ChoiceValidator": {"executed_lines": [207, 208, 209, 210, 213, 216, 217, 219], "summary": {"covered_lines": 8, "num_statements": 9, "percent_covered": 80.0, "percent_covered_display": "80", "missing_lines": 1, "excluded_lines": 0, "percent_statements_covered": 88.88888888888889, "percent_statements_covered_display": "89", "num_branches": 6, "num_partial_branches": 2, "covered_branches": 4, "missing_branches": 2, "percent_branches_covered": 66.66666666666667, "percent_branches_covered_display": "67"}, "missing_lines": [214], "excluded_lines": [], "start_line": 199, "executed_branches": [[208, 209], [213, 216], [216, 217], [216, 219]], "missing_branches": [[208, 210], [213, 214]]}, "RegexValidator": {"executed_lines": [230, 231, 234, 237, 240, 241, 243], "summary": {"covered_lines": 7, "num_statements": 9, "percent_covered": 73.33333333333333, "percent_covered_display": "73", "missing_lines": 2, "excluded_lines": 0, "percent_statements_covered": 77.77777777777777, "percent_statements_covered_display": "78", "num_branches": 6, "num_partial_branches": 2, "covered_branches": 4, "missing_branches": 2, "percent_branches_covered": 66.66666666666667, "percent_branches_covered_display": "67"}, "missing_lines": [235, 238], "excluded_lines": [], "start_line": 222, "executed_branches": [[234, 237], [237, 240], [240, 241], [240, 243]], "missing_branches": [[234, 235], [237, 238]]}, "FormValidator": {"executed_lines": [250, 251, 265, 267, 279, 280, 282, 283, 284, 286, 287, 288, 289, 290, 292, 293, 295], "summary": {"covered_lines": 17, "num_statements": 19, "percent_covered": 88.88888888888889, "percent_covered_display": "89", "missing_lines": 2, "excluded_lines": 0, "percent_statements_covered": 89.47368421052632, "percent_statements_covered_display": "89", "num_branches": 8, "num_partial_branches": 1, "covered_branches": 7, "missing_branches": 1, "percent_branches_covered": 87.5, "percent_branches_covered_display": "88"}, "missing_lines": [266, 299], "excluded_lines": [], "start_line": 246, "executed_branches": [[265, 267], [282, 283], [282, 295], [286, 287], [286, 292], [292, 282], [292, 293]], "missing_branches": [[265, 266]]}, "": {"executed_lines": [10, 11, 14, 17, 22, 28, 31, 34, 51, 54, 57, 63, 66, 72, 78, 81, 93, 116, 119, 129, 149, 152, 161, 174, 177, 186, 199, 202, 212, 222, 225, 233, 246, 249, 253, 269, 297, 302, 304, 307, 314, 317, 323, 326, 328, 331, 333, 336, 338, 341, 343, 346], "summary": {"covered_lines": 52, "num_statements": 52, "percent_covered": 100.0, "percent_covered_display": "100", "missing_lines": 0, "excluded_lines": 0, "percent_statements_covered": 100.0, "percent_statements_covered_display": "100", "num_branches": 0, "num_partial_branches": 0, "covered_branches": 0, "missing_branches": 0, "percent_branches_covered": 100.0, "percent_branches_covered_display": "100"}, "missing_lines": [], "excluded_lines": [], "start_line": 1, "executed_branches": [], "missing_branches": []}}}}, "totals": {"covered_lines": 2826, "num_statements": 5643, "percent_covered": 45.973108787179136, "percent_covered_display": "46", "missing_lines": 2817, "excluded_lines": 11, "percent_statements_covered": 50.079744816586924, "percent_statements_covered_display": "50", "num_branches": 1720, "num_partial_branches": 201, "covered_branches": 559, "missing_branches": 1161, "percent_branches_covered": 32.5, "percent_branches_covered_display": "32"}}